21-09-29 18:52:24.491 - INFO: train Epoch: 0 [00000000/00109426 (00%)]	Loss: 10.743703 cls Loss: 1.032108 offset Loss:0.971160	Accuracy: 0.164773
21-09-29 18:52:27.075 - INFO: train Epoch: 0 [00040960/00109426 (37%)]	Loss: 4.591285 cls Loss: 0.377447 offset Loss:0.421384	Accuracy: 0.914894
21-09-29 18:52:29.560 - INFO: train Epoch: 0 [00081920/00109426 (75%)]	Loss: 0.655517 cls Loss: 0.282942 offset Loss:0.037258	Accuracy: 0.924823
21-09-29 18:52:31.150 - INFO: train epoch Loss: 296.148071 cls Loss: 0.556291 bbox Loss: 29.559170 Accuracy: 0.856852
21-09-29 18:52:31.767 - INFO: val Epoch: 0 [00000000/00026285 (00%)]	Loss: 0.520051 cls Loss: 0.268776 offset Loss:0.025127	Accuracy: 0.928068
21-09-29 18:52:33.312 - INFO: val epoch Loss: 0.543566 cls Loss: 0.289299 bbox Loss: 0.025427 Accuracy: 0.915145
21-09-29 18:52:33.938 - INFO: train Epoch: 1 [00000000/00109426 (00%)]	Loss: 0.661523 cls Loss: 0.267619 offset Loss:0.039390	Accuracy: 0.924177
21-09-29 18:52:36.722 - INFO: train Epoch: 1 [00040960/00109426 (37%)]	Loss: 0.469352 cls Loss: 0.274952 offset Loss:0.019440	Accuracy: 0.917847
21-09-29 18:52:39.243 - INFO: train Epoch: 1 [00081920/00109426 (75%)]	Loss: 0.435233 cls Loss: 0.261020 offset Loss:0.017421	Accuracy: 0.921678
21-09-29 18:52:40.921 - INFO: train epoch Loss: 0.472242 cls Loss: 0.282173 bbox Loss: 0.019007 Accuracy: 0.916067
21-09-29 18:52:41.649 - INFO: val Epoch: 1 [00000000/00026285 (00%)]	Loss: 0.433618 cls Loss: 0.264292 offset Loss:0.016933	Accuracy: 0.918009
21-09-29 18:52:43.347 - INFO: val epoch Loss: 0.435790 cls Loss: 0.276014 bbox Loss: 0.015978 Accuracy: 0.915185
21-09-29 18:52:43.973 - INFO: train Epoch: 2 [00000000/00109426 (00%)]	Loss: 0.404028 cls Loss: 0.252315 offset Loss:0.015171	Accuracy: 0.920723
21-09-29 18:52:46.671 - INFO: train Epoch: 2 [00040960/00109426 (37%)]	Loss: 0.378110 cls Loss: 0.239385 offset Loss:0.013872	Accuracy: 0.932414
21-09-29 18:52:49.478 - INFO: train Epoch: 2 [00081920/00109426 (75%)]	Loss: 0.413423 cls Loss: 0.274147 offset Loss:0.013928	Accuracy: 0.917037
21-09-29 18:52:51.145 - INFO: train epoch Loss: 0.415980 cls Loss: 0.273580 bbox Loss: 0.014240 Accuracy: 0.916011
21-09-29 18:52:51.751 - INFO: val Epoch: 2 [00000000/00026285 (00%)]	Loss: 0.372150 cls Loss: 0.232548 offset Loss:0.013960	Accuracy: 0.931035
21-09-29 18:52:53.393 - INFO: val epoch Loss: 0.405487 cls Loss: 0.268609 bbox Loss: 0.013688 Accuracy: 0.915176
21-09-29 18:52:54.151 - INFO: train Epoch: 3 [00000000/00109426 (00%)]	Loss: 0.385710 cls Loss: 0.255684 offset Loss:0.013003	Accuracy: 0.918958
21-09-29 18:52:56.784 - INFO: train Epoch: 3 [00040960/00109426 (37%)]	Loss: 0.417835 cls Loss: 0.292279 offset Loss:0.012556	Accuracy: 0.905248
21-09-29 18:52:59.441 - INFO: train Epoch: 3 [00081920/00109426 (75%)]	Loss: 0.380296 cls Loss: 0.269005 offset Loss:0.011129	Accuracy: 0.914530
21-09-29 18:53:01.086 - INFO: train epoch Loss: 0.393867 cls Loss: 0.267785 bbox Loss: 0.012608 Accuracy: 0.916047
21-09-29 18:53:01.742 - INFO: val Epoch: 3 [00000000/00026285 (00%)]	Loss: 0.418807 cls Loss: 0.285559 offset Loss:0.013325	Accuracy: 0.905744
21-09-29 18:53:03.295 - INFO: val epoch Loss: 0.390125 cls Loss: 0.263515 bbox Loss: 0.012661 Accuracy: 0.915260
21-09-29 18:53:03.951 - INFO: train Epoch: 4 [00000000/00109426 (00%)]	Loss: 0.418594 cls Loss: 0.291902 offset Loss:0.012669	Accuracy: 0.900719
21-09-29 18:53:06.606 - INFO: train Epoch: 4 [00040960/00109426 (37%)]	Loss: 0.381449 cls Loss: 0.269956 offset Loss:0.011149	Accuracy: 0.911681
21-09-29 18:53:09.194 - INFO: train Epoch: 4 [00081920/00109426 (75%)]	Loss: 0.383970 cls Loss: 0.266245 offset Loss:0.011773	Accuracy: 0.920777
21-09-29 18:53:10.902 - INFO: train epoch Loss: 0.381661 cls Loss: 0.265783 bbox Loss: 0.011588 Accuracy: 0.915886
21-09-29 18:53:11.507 - INFO: val Epoch: 4 [00000000/00026285 (00%)]	Loss: 0.365987 cls Loss: 0.250718 offset Loss:0.011527	Accuracy: 0.919718
21-09-29 18:53:13.358 - INFO: val epoch Loss: 0.376967 cls Loss: 0.259465 bbox Loss: 0.011750 Accuracy: 0.915236
21-09-29 18:53:13.996 - INFO: train Epoch: 5 [00000000/00109426 (00%)]	Loss: 0.391506 cls Loss: 0.280307 offset Loss:0.011120	Accuracy: 0.907173
21-09-29 18:53:16.642 - INFO: train Epoch: 5 [00040960/00109426 (37%)]	Loss: 0.399608 cls Loss: 0.290400 offset Loss:0.010921	Accuracy: 0.907781
21-09-29 18:53:19.239 - INFO: train Epoch: 5 [00081920/00109426 (75%)]	Loss: 0.364414 cls Loss: 0.259488 offset Loss:0.010493	Accuracy: 0.918803
21-09-29 18:53:21.054 - INFO: train epoch Loss: 0.371400 cls Loss: 0.261360 bbox Loss: 0.011004 Accuracy: 0.915880
21-09-29 18:53:21.671 - INFO: val Epoch: 5 [00000000/00026285 (00%)]	Loss: 0.358617 cls Loss: 0.236890 offset Loss:0.012173	Accuracy: 0.918688
21-09-29 18:53:23.239 - INFO: val epoch Loss: 0.370010 cls Loss: 0.256532 bbox Loss: 0.011348 Accuracy: 0.915244
21-09-29 18:53:23.870 - INFO: train Epoch: 6 [00000000/00109426 (00%)]	Loss: 0.379462 cls Loss: 0.263797 offset Loss:0.011566	Accuracy: 0.918079
21-09-29 18:53:26.542 - INFO: train Epoch: 6 [00040960/00109426 (37%)]	Loss: 0.396757 cls Loss: 0.292035 offset Loss:0.010472	Accuracy: 0.901709
21-09-29 18:53:29.076 - INFO: train Epoch: 6 [00081920/00109426 (75%)]	Loss: 0.362764 cls Loss: 0.258641 offset Loss:0.010412	Accuracy: 0.918338
21-09-29 18:53:30.696 - INFO: train epoch Loss: 0.364472 cls Loss: 0.258724 bbox Loss: 0.010575 Accuracy: 0.915765
21-09-29 18:53:31.333 - INFO: val Epoch: 6 [00000000/00026285 (00%)]	Loss: 0.331201 cls Loss: 0.224225 offset Loss:0.010698	Accuracy: 0.925414
21-09-29 18:53:32.944 - INFO: val epoch Loss: 0.363290 cls Loss: 0.254513 bbox Loss: 0.010878 Accuracy: 0.915194
21-09-29 18:53:33.604 - INFO: train Epoch: 7 [00000000/00109426 (00%)]	Loss: 0.356240 cls Loss: 0.256285 offset Loss:0.009995	Accuracy: 0.914773
21-09-29 18:53:36.322 - INFO: train Epoch: 7 [00040960/00109426 (37%)]	Loss: 0.350036 cls Loss: 0.248750 offset Loss:0.010129	Accuracy: 0.922316
21-09-29 18:53:38.940 - INFO: train Epoch: 7 [00081920/00109426 (75%)]	Loss: 0.367143 cls Loss: 0.268365 offset Loss:0.009878	Accuracy: 0.916064
21-09-29 18:53:40.588 - INFO: train epoch Loss: 0.356749 cls Loss: 0.255017 bbox Loss: 0.010173 Accuracy: 0.915840
21-09-29 18:53:41.189 - INFO: val Epoch: 7 [00000000/00026285 (00%)]	Loss: 0.400081 cls Loss: 0.291761 offset Loss:0.010832	Accuracy: 0.899709
21-09-29 18:53:42.733 - INFO: val epoch Loss: 0.357236 cls Loss: 0.252527 bbox Loss: 0.010471 Accuracy: 0.915283
21-09-29 18:53:43.363 - INFO: train Epoch: 8 [00000000/00109426 (00%)]	Loss: 0.363057 cls Loss: 0.265630 offset Loss:0.009743	Accuracy: 0.915473
21-09-29 18:53:46.240 - INFO: train Epoch: 8 [00040960/00109426 (37%)]	Loss: 0.349796 cls Loss: 0.251488 offset Loss:0.009831	Accuracy: 0.918919
21-09-29 18:53:48.896 - INFO: train Epoch: 8 [00081920/00109426 (75%)]	Loss: 0.322060 cls Loss: 0.222321 offset Loss:0.009974	Accuracy: 0.932961
21-09-29 18:53:50.719 - INFO: train epoch Loss: 0.354794 cls Loss: 0.255168 bbox Loss: 0.009963 Accuracy: 0.915775
21-09-29 18:53:51.327 - INFO: val Epoch: 8 [00000000/00026285 (00%)]	Loss: 0.361958 cls Loss: 0.260957 offset Loss:0.010100	Accuracy: 0.916549
21-09-29 18:53:52.850 - INFO: val epoch Loss: 0.365235 cls Loss: 0.259628 bbox Loss: 0.010561 Accuracy: 0.915092
21-09-29 18:53:53.468 - INFO: train Epoch: 9 [00000000/00109426 (00%)]	Loss: 0.347631 cls Loss: 0.247924 offset Loss:0.009971	Accuracy: 0.919378
21-09-29 18:53:56.122 - INFO: train Epoch: 9 [00040960/00109426 (37%)]	Loss: 0.342103 cls Loss: 0.247197 offset Loss:0.009491	Accuracy: 0.922078
21-09-29 18:53:58.698 - INFO: train Epoch: 9 [00081920/00109426 (75%)]	Loss: 0.355994 cls Loss: 0.261465 offset Loss:0.009453	Accuracy: 0.911517
21-09-29 18:54:00.325 - INFO: train epoch Loss: 0.348821 cls Loss: 0.251555 bbox Loss: 0.009727 Accuracy: 0.915653
21-09-29 18:54:00.985 - INFO: val Epoch: 9 [00000000/00026285 (00%)]	Loss: 0.334976 cls Loss: 0.230631 offset Loss:0.010434	Accuracy: 0.924088
21-09-29 18:54:03.100 - INFO: val epoch Loss: 0.349186 cls Loss: 0.247144 bbox Loss: 0.010204 Accuracy: 0.915463
21-09-29 18:54:03.822 - INFO: train Epoch: 10 [00000000/00109426 (00%)]	Loss: 0.311777 cls Loss: 0.218353 offset Loss:0.009342	Accuracy: 0.929279
21-09-29 18:54:07.057 - INFO: train Epoch: 10 [00040960/00109426 (37%)]	Loss: 0.330783 cls Loss: 0.240312 offset Loss:0.009047	Accuracy: 0.915978
21-09-29 18:54:09.694 - INFO: train Epoch: 10 [00081920/00109426 (75%)]	Loss: 0.363738 cls Loss: 0.270498 offset Loss:0.009324	Accuracy: 0.904694
21-09-29 18:54:11.306 - INFO: train epoch Loss: 0.342912 cls Loss: 0.247672 bbox Loss: 0.009524 Accuracy: 0.915913
21-09-29 18:54:11.923 - INFO: val Epoch: 10 [00000000/00026285 (00%)]	Loss: 0.351780 cls Loss: 0.251477 offset Loss:0.010030	Accuracy: 0.918723
21-09-29 18:54:13.445 - INFO: val epoch Loss: 0.345082 cls Loss: 0.245306 bbox Loss: 0.009978 Accuracy: 0.915637
21-09-29 18:54:14.070 - INFO: train Epoch: 11 [00000000/00109426 (00%)]	Loss: 0.297623 cls Loss: 0.208479 offset Loss:0.008914	Accuracy: 0.937143
21-09-29 18:54:16.697 - INFO: train Epoch: 11 [00040960/00109426 (37%)]	Loss: 0.362958 cls Loss: 0.261313 offset Loss:0.010165	Accuracy: 0.912917
21-09-29 18:54:19.199 - INFO: train Epoch: 11 [00081920/00109426 (75%)]	Loss: 0.373264 cls Loss: 0.275455 offset Loss:0.009781	Accuracy: 0.906516
21-09-29 18:54:20.890 - INFO: train epoch Loss: 0.342297 cls Loss: 0.247362 bbox Loss: 0.009494 Accuracy: 0.915825
21-09-29 18:54:21.515 - INFO: val Epoch: 11 [00000000/00026285 (00%)]	Loss: 0.353068 cls Loss: 0.256537 offset Loss:0.009653	Accuracy: 0.906805
21-09-29 18:54:23.257 - INFO: val epoch Loss: 0.344374 cls Loss: 0.244659 bbox Loss: 0.009971 Accuracy: 0.915682
21-09-29 18:54:23.946 - INFO: train Epoch: 12 [00000000/00109426 (00%)]	Loss: 0.358274 cls Loss: 0.256603 offset Loss:0.010167	Accuracy: 0.914706
21-09-29 18:54:26.573 - INFO: train Epoch: 12 [00040960/00109426 (37%)]	Loss: 0.341785 cls Loss: 0.252101 offset Loss:0.008968	Accuracy: 0.921459
21-09-29 18:54:29.253 - INFO: train Epoch: 12 [00081920/00109426 (75%)]	Loss: 0.285216 cls Loss: 0.186173 offset Loss:0.009904	Accuracy: 0.944367
21-09-29 18:54:30.851 - INFO: train epoch Loss: 0.341566 cls Loss: 0.246792 bbox Loss: 0.009477 Accuracy: 0.915918
21-09-29 18:54:31.484 - INFO: val Epoch: 12 [00000000/00026285 (00%)]	Loss: 0.339065 cls Loss: 0.240502 offset Loss:0.009856	Accuracy: 0.920904
21-09-29 18:54:33.023 - INFO: val epoch Loss: 0.344075 cls Loss: 0.244679 bbox Loss: 0.009940 Accuracy: 0.915596
21-09-29 18:54:33.725 - INFO: train Epoch: 13 [00000000/00109426 (00%)]	Loss: 0.335478 cls Loss: 0.238762 offset Loss:0.009672	Accuracy: 0.917031
21-09-29 18:54:37.022 - INFO: train Epoch: 13 [00040960/00109426 (37%)]	Loss: 0.340602 cls Loss: 0.242213 offset Loss:0.009839	Accuracy: 0.920680
21-09-29 18:54:40.078 - INFO: train Epoch: 13 [00081920/00109426 (75%)]	Loss: 0.390506 cls Loss: 0.289306 offset Loss:0.010120	Accuracy: 0.901004
21-09-29 18:54:42.047 - INFO: train epoch Loss: 0.341118 cls Loss: 0.246517 bbox Loss: 0.009460 Accuracy: 0.915851
21-09-29 18:54:42.735 - INFO: val Epoch: 13 [00000000/00026285 (00%)]	Loss: 0.345916 cls Loss: 0.241554 offset Loss:0.010436	Accuracy: 0.921739
21-09-29 18:54:44.544 - INFO: val epoch Loss: 0.343394 cls Loss: 0.244167 bbox Loss: 0.009923 Accuracy: 0.915766
21-09-29 18:54:45.250 - INFO: train Epoch: 14 [00000000/00109426 (00%)]	Loss: 0.353171 cls Loss: 0.249816 offset Loss:0.010335	Accuracy: 0.922504
21-09-29 18:54:48.742 - INFO: train Epoch: 14 [00040960/00109426 (37%)]	Loss: 0.369321 cls Loss: 0.282767 offset Loss:0.008655	Accuracy: 0.897872
21-09-29 18:54:51.948 - INFO: train Epoch: 14 [00081920/00109426 (75%)]	Loss: 0.347897 cls Loss: 0.256716 offset Loss:0.009118	Accuracy: 0.906780
21-09-29 18:54:53.931 - INFO: train epoch Loss: 0.340638 cls Loss: 0.246196 bbox Loss: 0.009444 Accuracy: 0.915830
21-09-29 18:54:54.633 - INFO: val Epoch: 14 [00000000/00026285 (00%)]	Loss: 0.386252 cls Loss: 0.280521 offset Loss:0.010573	Accuracy: 0.895803
21-09-29 18:54:56.441 - INFO: val epoch Loss: 0.342792 cls Loss: 0.243718 bbox Loss: 0.009907 Accuracy: 0.915552
21-09-29 18:54:57.145 - INFO: train Epoch: 15 [00000000/00109426 (00%)]	Loss: 0.320117 cls Loss: 0.232035 offset Loss:0.008808	Accuracy: 0.922861
21-09-29 18:55:00.472 - INFO: train Epoch: 15 [00040960/00109426 (37%)]	Loss: 0.327099 cls Loss: 0.229865 offset Loss:0.009723	Accuracy: 0.922545
21-09-29 18:55:03.689 - INFO: train Epoch: 15 [00081920/00109426 (75%)]	Loss: 0.371985 cls Loss: 0.278507 offset Loss:0.009348	Accuracy: 0.913545
21-09-29 18:55:05.651 - INFO: train epoch Loss: 0.339848 cls Loss: 0.245590 bbox Loss: 0.009426 Accuracy: 0.915879
21-09-29 18:55:06.297 - INFO: val Epoch: 15 [00000000/00026285 (00%)]	Loss: 0.324324 cls Loss: 0.231519 offset Loss:0.009281	Accuracy: 0.926864
21-09-29 18:55:08.249 - INFO: val epoch Loss: 0.342255 cls Loss: 0.243412 bbox Loss: 0.009884 Accuracy: 0.915703
21-09-29 18:55:09.022 - INFO: train Epoch: 16 [00000000/00109426 (00%)]	Loss: 0.358810 cls Loss: 0.261084 offset Loss:0.009773	Accuracy: 0.903179
21-09-29 18:55:12.270 - INFO: train Epoch: 16 [00040960/00109426 (37%)]	Loss: 0.320513 cls Loss: 0.221355 offset Loss:0.009916	Accuracy: 0.924556
21-09-29 18:55:15.348 - INFO: train Epoch: 16 [00081920/00109426 (75%)]	Loss: 0.357307 cls Loss: 0.255442 offset Loss:0.010187	Accuracy: 0.913616
21-09-29 18:55:17.244 - INFO: train epoch Loss: 0.339381 cls Loss: 0.245326 bbox Loss: 0.009405 Accuracy: 0.915749
21-09-29 18:55:17.934 - INFO: val Epoch: 16 [00000000/00026285 (00%)]	Loss: 0.332059 cls Loss: 0.226550 offset Loss:0.010551	Accuracy: 0.918723
21-09-29 18:55:19.793 - INFO: val epoch Loss: 0.341868 cls Loss: 0.243138 bbox Loss: 0.009873 Accuracy: 0.915619
21-09-29 18:55:20.655 - INFO: train Epoch: 17 [00000000/00109426 (00%)]	Loss: 0.318862 cls Loss: 0.224095 offset Loss:0.009477	Accuracy: 0.930029
21-09-29 18:55:23.950 - INFO: train Epoch: 17 [00040960/00109426 (37%)]	Loss: 0.379133 cls Loss: 0.282081 offset Loss:0.009705	Accuracy: 0.894811
21-09-29 18:55:27.323 - INFO: train Epoch: 17 [00081920/00109426 (75%)]	Loss: 0.314681 cls Loss: 0.222017 offset Loss:0.009266	Accuracy: 0.929799
21-09-29 18:55:29.259 - INFO: train epoch Loss: 0.338777 cls Loss: 0.244963 bbox Loss: 0.009381 Accuracy: 0.915883
21-09-29 18:55:29.868 - INFO: val Epoch: 17 [00000000/00026285 (00%)]	Loss: 0.347403 cls Loss: 0.254147 offset Loss:0.009326	Accuracy: 0.910256
21-09-29 18:55:31.387 - INFO: val epoch Loss: 0.341510 cls Loss: 0.242964 bbox Loss: 0.009855 Accuracy: 0.915637
21-09-29 18:55:32.150 - INFO: train Epoch: 18 [00000000/00109426 (00%)]	Loss: 0.374526 cls Loss: 0.282415 offset Loss:0.009211	Accuracy: 0.898187
21-09-29 18:55:34.985 - INFO: train Epoch: 18 [00040960/00109426 (37%)]	Loss: 0.328583 cls Loss: 0.238400 offset Loss:0.009018	Accuracy: 0.918221
21-09-29 18:55:37.574 - INFO: train Epoch: 18 [00081920/00109426 (75%)]	Loss: 0.360565 cls Loss: 0.266168 offset Loss:0.009440	Accuracy: 0.900990
21-09-29 18:55:39.248 - INFO: train epoch Loss: 0.338170 cls Loss: 0.244561 bbox Loss: 0.009361 Accuracy: 0.915801
21-09-29 18:55:39.990 - INFO: val Epoch: 18 [00000000/00026285 (00%)]	Loss: 0.302176 cls Loss: 0.210444 offset Loss:0.009173	Accuracy: 0.925666
21-09-29 18:55:41.752 - INFO: val epoch Loss: 0.339913 cls Loss: 0.241606 bbox Loss: 0.009831 Accuracy: 0.915699
21-09-29 18:55:42.557 - INFO: train Epoch: 19 [00000000/00109426 (00%)]	Loss: 0.357331 cls Loss: 0.261757 offset Loss:0.009557	Accuracy: 0.904048
21-09-29 18:55:45.677 - INFO: train Epoch: 19 [00040960/00109426 (37%)]	Loss: 0.336597 cls Loss: 0.246956 offset Loss:0.008964	Accuracy: 0.912742
21-09-29 18:55:48.733 - INFO: train Epoch: 19 [00081920/00109426 (75%)]	Loss: 0.389495 cls Loss: 0.289670 offset Loss:0.009983	Accuracy: 0.897547
21-09-29 18:55:50.760 - INFO: train epoch Loss: 0.337724 cls Loss: 0.244332 bbox Loss: 0.009339 Accuracy: 0.915913
21-09-29 18:55:51.626 - INFO: val Epoch: 19 [00000000/00026285 (00%)]	Loss: 0.363751 cls Loss: 0.256607 offset Loss:0.010714	Accuracy: 0.918079
21-09-29 18:55:53.443 - INFO: val epoch Loss: 0.340126 cls Loss: 0.241992 bbox Loss: 0.009813 Accuracy: 0.915567
21-09-29 18:55:54.261 - INFO: train Epoch: 20 [00000000/00109426 (00%)]	Loss: 0.334643 cls Loss: 0.245305 offset Loss:0.008934	Accuracy: 0.919591
21-09-29 18:55:57.687 - INFO: train Epoch: 20 [00040960/00109426 (37%)]	Loss: 0.338157 cls Loss: 0.236120 offset Loss:0.010204	Accuracy: 0.913842
21-09-29 18:56:00.752 - INFO: train Epoch: 20 [00081920/00109426 (75%)]	Loss: 0.375286 cls Loss: 0.281364 offset Loss:0.009392	Accuracy: 0.896403
21-09-29 18:56:02.726 - INFO: train epoch Loss: 0.336514 cls Loss: 0.243319 bbox Loss: 0.009319 Accuracy: 0.915839
21-09-29 18:56:03.581 - INFO: val Epoch: 20 [00000000/00026285 (00%)]	Loss: 0.322351 cls Loss: 0.217769 offset Loss:0.010458	Accuracy: 0.926829
21-09-29 18:56:05.339 - INFO: val epoch Loss: 0.338410 cls Loss: 0.240746 bbox Loss: 0.009766 Accuracy: 0.915654
21-09-29 18:56:06.060 - INFO: train Epoch: 21 [00000000/00109426 (00%)]	Loss: 0.356907 cls Loss: 0.266676 offset Loss:0.009023	Accuracy: 0.906977
21-09-29 18:56:09.335 - INFO: train Epoch: 21 [00040960/00109426 (37%)]	Loss: 0.318910 cls Loss: 0.230081 offset Loss:0.008883	Accuracy: 0.921488
21-09-29 18:56:12.443 - INFO: train Epoch: 21 [00081920/00109426 (75%)]	Loss: 0.350368 cls Loss: 0.258714 offset Loss:0.009165	Accuracy: 0.911142
21-09-29 18:56:14.382 - INFO: train epoch Loss: 0.335648 cls Loss: 0.242631 bbox Loss: 0.009302 Accuracy: 0.915744
21-09-29 18:56:15.166 - INFO: val Epoch: 21 [00000000/00026285 (00%)]	Loss: 0.324712 cls Loss: 0.230549 offset Loss:0.009416	Accuracy: 0.925247
21-09-29 18:56:16.937 - INFO: val epoch Loss: 0.337662 cls Loss: 0.239995 bbox Loss: 0.009767 Accuracy: 0.915732
21-09-29 18:56:17.652 - INFO: train Epoch: 22 [00000000/00109426 (00%)]	Loss: 0.317580 cls Loss: 0.221547 offset Loss:0.009603	Accuracy: 0.923304
21-09-29 18:56:20.973 - INFO: train Epoch: 22 [00040960/00109426 (37%)]	Loss: 0.312750 cls Loss: 0.218615 offset Loss:0.009413	Accuracy: 0.927143
21-09-29 18:56:24.338 - INFO: train Epoch: 22 [00081920/00109426 (75%)]	Loss: 0.355131 cls Loss: 0.261683 offset Loss:0.009345	Accuracy: 0.901989
21-09-29 18:56:26.404 - INFO: train epoch Loss: 0.335085 cls Loss: 0.242210 bbox Loss: 0.009288 Accuracy: 0.915923
21-09-29 18:56:27.374 - INFO: val Epoch: 22 [00000000/00026285 (00%)]	Loss: 0.330224 cls Loss: 0.232740 offset Loss:0.009748	Accuracy: 0.919424
21-09-29 18:56:29.379 - INFO: val epoch Loss: 0.336400 cls Loss: 0.239048 bbox Loss: 0.009735 Accuracy: 0.915851
21-09-29 18:56:30.067 - INFO: train Epoch: 23 [00000000/00109426 (00%)]	Loss: 0.321660 cls Loss: 0.229495 offset Loss:0.009216	Accuracy: 0.917024
21-09-29 18:56:33.246 - INFO: train Epoch: 23 [00040960/00109426 (37%)]	Loss: 0.330825 cls Loss: 0.241390 offset Loss:0.008944	Accuracy: 0.914986
21-09-29 18:56:36.075 - INFO: train Epoch: 23 [00081920/00109426 (75%)]	Loss: 0.300992 cls Loss: 0.215772 offset Loss:0.008522	Accuracy: 0.932568
21-09-29 18:56:37.827 - INFO: train epoch Loss: 0.333744 cls Loss: 0.241200 bbox Loss: 0.009254 Accuracy: 0.915959
21-09-29 18:56:38.437 - INFO: val Epoch: 23 [00000000/00026285 (00%)]	Loss: 0.330910 cls Loss: 0.235179 offset Loss:0.009573	Accuracy: 0.918723
21-09-29 18:56:40.060 - INFO: val epoch Loss: 0.335270 cls Loss: 0.238328 bbox Loss: 0.009694 Accuracy: 0.915817
21-09-29 18:56:40.768 - INFO: train Epoch: 24 [00000000/00109426 (00%)]	Loss: 0.348677 cls Loss: 0.257906 offset Loss:0.009077	Accuracy: 0.906815
21-09-29 18:56:44.044 - INFO: train Epoch: 24 [00040960/00109426 (37%)]	Loss: 0.328397 cls Loss: 0.243477 offset Loss:0.008492	Accuracy: 0.918803
21-09-29 18:56:47.190 - INFO: train Epoch: 24 [00081920/00109426 (75%)]	Loss: 0.350658 cls Loss: 0.256527 offset Loss:0.009413	Accuracy: 0.920635
21-09-29 18:56:49.109 - INFO: train epoch Loss: 0.333036 cls Loss: 0.240722 bbox Loss: 0.009231 Accuracy: 0.915860
21-09-29 18:56:49.775 - INFO: val Epoch: 24 [00000000/00026285 (00%)]	Loss: 0.296815 cls Loss: 0.204823 offset Loss:0.009199	Accuracy: 0.928571
21-09-29 18:56:51.949 - INFO: val epoch Loss: 0.334684 cls Loss: 0.237970 bbox Loss: 0.009671 Accuracy: 0.915761
21-09-29 18:56:52.654 - INFO: train Epoch: 25 [00000000/00109426 (00%)]	Loss: 0.346034 cls Loss: 0.255508 offset Loss:0.009053	Accuracy: 0.901004
21-09-29 18:56:55.871 - INFO: train Epoch: 25 [00040960/00109426 (37%)]	Loss: 0.362989 cls Loss: 0.261838 offset Loss:0.010115	Accuracy: 0.905864
21-09-29 18:56:59.031 - INFO: train Epoch: 25 [00081920/00109426 (75%)]	Loss: 0.331339 cls Loss: 0.240056 offset Loss:0.009128	Accuracy: 0.922287
21-09-29 18:57:01.129 - INFO: train epoch Loss: 0.332239 cls Loss: 0.240079 bbox Loss: 0.009216 Accuracy: 0.915995
21-09-29 18:57:01.833 - INFO: val Epoch: 25 [00000000/00026285 (00%)]	Loss: 0.335612 cls Loss: 0.237933 offset Loss:0.009768	Accuracy: 0.920174
21-09-29 18:57:03.657 - INFO: val epoch Loss: 0.335107 cls Loss: 0.238560 bbox Loss: 0.009655 Accuracy: 0.915680
21-09-29 18:57:04.489 - INFO: train Epoch: 26 [00000000/00109426 (00%)]	Loss: 0.318760 cls Loss: 0.226365 offset Loss:0.009239	Accuracy: 0.932179
21-09-29 18:57:07.770 - INFO: train Epoch: 26 [00040960/00109426 (37%)]	Loss: 0.278559 cls Loss: 0.192282 offset Loss:0.008628	Accuracy: 0.933718
21-09-29 18:57:11.022 - INFO: train Epoch: 26 [00081920/00109426 (75%)]	Loss: 0.315777 cls Loss: 0.227062 offset Loss:0.008871	Accuracy: 0.923642
21-09-29 18:57:12.953 - INFO: train epoch Loss: 0.331552 cls Loss: 0.239575 bbox Loss: 0.009198 Accuracy: 0.915820
21-09-29 18:57:13.625 - INFO: val Epoch: 26 [00000000/00026285 (00%)]	Loss: 0.315238 cls Loss: 0.223475 offset Loss:0.009176	Accuracy: 0.922753
21-09-29 18:57:15.443 - INFO: val epoch Loss: 0.332882 cls Loss: 0.236644 bbox Loss: 0.009624 Accuracy: 0.915852
21-09-29 18:57:16.149 - INFO: train Epoch: 27 [00000000/00109426 (00%)]	Loss: 0.309102 cls Loss: 0.216340 offset Loss:0.009276	Accuracy: 0.923729
21-09-29 18:57:19.366 - INFO: train Epoch: 27 [00040960/00109426 (37%)]	Loss: 0.365514 cls Loss: 0.277347 offset Loss:0.008817	Accuracy: 0.892442
21-09-29 18:57:22.485 - INFO: train Epoch: 27 [00081920/00109426 (75%)]	Loss: 0.305886 cls Loss: 0.217838 offset Loss:0.008805	Accuracy: 0.918654
21-09-29 18:57:24.445 - INFO: train epoch Loss: 0.330356 cls Loss: 0.238677 bbox Loss: 0.009168 Accuracy: 0.915932
21-09-29 18:57:25.325 - INFO: val Epoch: 27 [00000000/00026285 (00%)]	Loss: 0.305699 cls Loss: 0.206572 offset Loss:0.009913	Accuracy: 0.929972
21-09-29 18:57:27.143 - INFO: val epoch Loss: 0.331796 cls Loss: 0.235223 bbox Loss: 0.009657 Accuracy: 0.915847
21-09-29 18:57:27.858 - INFO: train Epoch: 28 [00000000/00109426 (00%)]	Loss: 0.307840 cls Loss: 0.213491 offset Loss:0.009435	Accuracy: 0.925395
21-09-29 18:57:30.985 - INFO: train Epoch: 28 [00040960/00109426 (37%)]	Loss: 0.297782 cls Loss: 0.216087 offset Loss:0.008169	Accuracy: 0.921569
21-09-29 18:57:34.422 - INFO: train Epoch: 28 [00081920/00109426 (75%)]	Loss: 0.328425 cls Loss: 0.234477 offset Loss:0.009395	Accuracy: 0.919492
21-09-29 18:57:36.251 - INFO: train epoch Loss: 0.330324 cls Loss: 0.238796 bbox Loss: 0.009153 Accuracy: 0.915743
21-09-29 18:57:36.850 - INFO: val Epoch: 28 [00000000/00026285 (00%)]	Loss: 0.374641 cls Loss: 0.272657 offset Loss:0.010198	Accuracy: 0.896802
21-09-29 18:57:38.386 - INFO: val epoch Loss: 0.330686 cls Loss: 0.234765 bbox Loss: 0.009592 Accuracy: 0.915945
21-09-29 18:57:39.029 - INFO: train Epoch: 29 [00000000/00109426 (00%)]	Loss: 0.303750 cls Loss: 0.215030 offset Loss:0.008872	Accuracy: 0.922965
21-09-29 18:57:41.943 - INFO: train Epoch: 29 [00040960/00109426 (37%)]	Loss: 0.350986 cls Loss: 0.254272 offset Loss:0.009671	Accuracy: 0.908962
21-09-29 18:57:45.459 - INFO: train Epoch: 29 [00081920/00109426 (75%)]	Loss: 0.317196 cls Loss: 0.231532 offset Loss:0.008566	Accuracy: 0.916209
21-09-29 18:57:47.360 - INFO: train epoch Loss: 0.328398 cls Loss: 0.237256 bbox Loss: 0.009114 Accuracy: 0.915875
21-09-29 18:57:48.234 - INFO: val Epoch: 29 [00000000/00026285 (00%)]	Loss: 0.308469 cls Loss: 0.217722 offset Loss:0.009075	Accuracy: 0.921788
21-09-29 18:57:50.142 - INFO: val epoch Loss: 0.330750 cls Loss: 0.235029 bbox Loss: 0.009572 Accuracy: 0.915727
21-09-29 18:57:50.847 - INFO: train Epoch: 30 [00000000/00109426 (00%)]	Loss: 0.314121 cls Loss: 0.228351 offset Loss:0.008577	Accuracy: 0.915698
21-09-29 18:57:54.077 - INFO: train Epoch: 30 [00040960/00109426 (37%)]	Loss: 0.343170 cls Loss: 0.248430 offset Loss:0.009474	Accuracy: 0.912917
21-09-29 18:57:57.243 - INFO: train Epoch: 30 [00081920/00109426 (75%)]	Loss: 0.323672 cls Loss: 0.229097 offset Loss:0.009458	Accuracy: 0.920863
21-09-29 18:57:59.295 - INFO: train epoch Loss: 0.326838 cls Loss: 0.235836 bbox Loss: 0.009100 Accuracy: 0.915879
21-09-29 18:57:59.969 - INFO: val Epoch: 30 [00000000/00026285 (00%)]	Loss: 0.304602 cls Loss: 0.213168 offset Loss:0.009143	Accuracy: 0.928270
21-09-29 18:58:02.237 - INFO: val epoch Loss: 0.327853 cls Loss: 0.232481 bbox Loss: 0.009537 Accuracy: 0.915836
21-09-29 18:58:03.155 - INFO: train Epoch: 31 [00000000/00109426 (00%)]	Loss: 0.339718 cls Loss: 0.245739 offset Loss:0.009398	Accuracy: 0.907246
21-09-29 18:58:06.387 - INFO: train Epoch: 31 [00040960/00109426 (37%)]	Loss: 0.317570 cls Loss: 0.228621 offset Loss:0.008895	Accuracy: 0.923729
21-09-29 18:58:09.569 - INFO: train Epoch: 31 [00081920/00109426 (75%)]	Loss: 0.349287 cls Loss: 0.246431 offset Loss:0.010286	Accuracy: 0.906158
21-09-29 18:58:11.747 - INFO: train epoch Loss: 0.325942 cls Loss: 0.235118 bbox Loss: 0.009082 Accuracy: 0.916066
21-09-29 18:58:12.530 - INFO: val Epoch: 31 [00000000/00026285 (00%)]	Loss: 0.300899 cls Loss: 0.195900 offset Loss:0.010500	Accuracy: 0.928889
21-09-29 18:58:14.453 - INFO: val epoch Loss: 0.327508 cls Loss: 0.232424 bbox Loss: 0.009508 Accuracy: 0.915931
21-09-29 18:58:15.156 - INFO: train Epoch: 32 [00000000/00109426 (00%)]	Loss: 0.369991 cls Loss: 0.277007 offset Loss:0.009298	Accuracy: 0.893895
21-09-29 18:58:18.450 - INFO: train Epoch: 32 [00040960/00109426 (37%)]	Loss: 0.357716 cls Loss: 0.269682 offset Loss:0.008803	Accuracy: 0.897290
21-09-29 18:58:21.859 - INFO: train Epoch: 32 [00081920/00109426 (75%)]	Loss: 0.327432 cls Loss: 0.233803 offset Loss:0.009363	Accuracy: 0.914831
21-09-29 18:58:23.898 - INFO: train epoch Loss: 0.324467 cls Loss: 0.233946 bbox Loss: 0.009052 Accuracy: 0.915934
21-09-29 18:58:24.590 - INFO: val Epoch: 32 [00000000/00026285 (00%)]	Loss: 0.323299 cls Loss: 0.229091 offset Loss:0.009421	Accuracy: 0.917391
21-09-29 18:58:26.460 - INFO: val epoch Loss: 0.325129 cls Loss: 0.230370 bbox Loss: 0.009476 Accuracy: 0.915734
21-09-29 18:58:27.255 - INFO: train Epoch: 33 [00000000/00109426 (00%)]	Loss: 0.310795 cls Loss: 0.217594 offset Loss:0.009320	Accuracy: 0.913105
21-09-29 18:58:30.560 - INFO: train Epoch: 33 [00040960/00109426 (37%)]	Loss: 0.339940 cls Loss: 0.253990 offset Loss:0.008595	Accuracy: 0.897222
21-09-29 18:58:33.884 - INFO: train Epoch: 33 [00081920/00109426 (75%)]	Loss: 0.365196 cls Loss: 0.280195 offset Loss:0.008500	Accuracy: 0.894958
21-09-29 18:58:36.082 - INFO: train epoch Loss: 0.323191 cls Loss: 0.232651 bbox Loss: 0.009054 Accuracy: 0.916089
21-09-29 18:58:36.755 - INFO: val Epoch: 33 [00000000/00026285 (00%)]	Loss: 0.306879 cls Loss: 0.208206 offset Loss:0.009867	Accuracy: 0.922078
21-09-29 18:58:38.334 - INFO: val epoch Loss: 0.324602 cls Loss: 0.229168 bbox Loss: 0.009543 Accuracy: 0.915869
21-09-29 18:58:39.106 - INFO: train Epoch: 34 [00000000/00109426 (00%)]	Loss: 0.360335 cls Loss: 0.263312 offset Loss:0.009702	Accuracy: 0.887812
21-09-29 18:58:41.786 - INFO: train Epoch: 34 [00040960/00109426 (37%)]	Loss: 0.349868 cls Loss: 0.256418 offset Loss:0.009345	Accuracy: 0.898716
21-09-29 18:58:44.948 - INFO: train Epoch: 34 [00081920/00109426 (75%)]	Loss: 0.322947 cls Loss: 0.226971 offset Loss:0.009598	Accuracy: 0.919403
21-09-29 18:58:47.043 - INFO: train epoch Loss: 0.323011 cls Loss: 0.232838 bbox Loss: 0.009017 Accuracy: 0.916252
21-09-29 18:58:47.786 - INFO: val Epoch: 34 [00000000/00026285 (00%)]	Loss: 0.323606 cls Loss: 0.230755 offset Loss:0.009285	Accuracy: 0.909091
21-09-29 18:58:49.599 - INFO: val epoch Loss: 0.322266 cls Loss: 0.227898 bbox Loss: 0.009437 Accuracy: 0.915691
21-09-29 18:58:50.357 - INFO: train Epoch: 35 [00000000/00109426 (00%)]	Loss: 0.330979 cls Loss: 0.234851 offset Loss:0.009613	Accuracy: 0.918803
21-09-29 18:58:53.923 - INFO: train Epoch: 35 [00040960/00109426 (37%)]	Loss: 0.339265 cls Loss: 0.256076 offset Loss:0.008319	Accuracy: 0.910891
21-09-29 18:58:57.075 - INFO: train Epoch: 35 [00081920/00109426 (75%)]	Loss: 0.355425 cls Loss: 0.264472 offset Loss:0.009095	Accuracy: 0.901429
21-09-29 18:58:59.010 - INFO: train epoch Loss: 0.320656 cls Loss: 0.230890 bbox Loss: 0.008977 Accuracy: 0.916434
21-09-29 18:58:59.735 - INFO: val Epoch: 35 [00000000/00026285 (00%)]	Loss: 0.323405 cls Loss: 0.224981 offset Loss:0.009842	Accuracy: 0.912917
21-09-29 18:59:01.565 - INFO: val epoch Loss: 0.320617 cls Loss: 0.226763 bbox Loss: 0.009385 Accuracy: 0.915689
21-09-29 18:59:02.282 - INFO: train Epoch: 36 [00000000/00109426 (00%)]	Loss: 0.295702 cls Loss: 0.206597 offset Loss:0.008910	Accuracy: 0.922438
21-09-29 18:59:05.587 - INFO: train Epoch: 36 [00040960/00109426 (37%)]	Loss: 0.314978 cls Loss: 0.221357 offset Loss:0.009362	Accuracy: 0.921316
21-09-29 18:59:08.622 - INFO: train Epoch: 36 [00081920/00109426 (75%)]	Loss: 0.312261 cls Loss: 0.219761 offset Loss:0.009250	Accuracy: 0.913690
21-09-29 18:59:10.736 - INFO: train epoch Loss: 0.319684 cls Loss: 0.229894 bbox Loss: 0.008979 Accuracy: 0.916345
21-09-29 18:59:11.437 - INFO: val Epoch: 36 [00000000/00026285 (00%)]	Loss: 0.361711 cls Loss: 0.268621 offset Loss:0.009309	Accuracy: 0.893275
21-09-29 18:59:13.254 - INFO: val epoch Loss: 0.323743 cls Loss: 0.228564 bbox Loss: 0.009518 Accuracy: 0.915070
21-09-29 18:59:13.950 - INFO: train Epoch: 37 [00000000/00109426 (00%)]	Loss: 0.302271 cls Loss: 0.209178 offset Loss:0.009309	Accuracy: 0.930576
21-09-29 18:59:17.288 - INFO: train Epoch: 37 [00040960/00109426 (37%)]	Loss: 0.312325 cls Loss: 0.220944 offset Loss:0.009138	Accuracy: 0.921429
21-09-29 18:59:20.622 - INFO: train Epoch: 37 [00081920/00109426 (75%)]	Loss: 0.313102 cls Loss: 0.225316 offset Loss:0.008779	Accuracy: 0.920680
21-09-29 18:59:22.645 - INFO: train epoch Loss: 0.319008 cls Loss: 0.229200 bbox Loss: 0.008981 Accuracy: 0.916346
21-09-29 18:59:23.342 - INFO: val Epoch: 37 [00000000/00026285 (00%)]	Loss: 0.326192 cls Loss: 0.229768 offset Loss:0.009642	Accuracy: 0.911850
21-09-29 18:59:25.240 - INFO: val epoch Loss: 0.318262 cls Loss: 0.224660 bbox Loss: 0.009360 Accuracy: 0.915737
21-09-29 18:59:25.959 - INFO: train Epoch: 38 [00000000/00109426 (00%)]	Loss: 0.328382 cls Loss: 0.237384 offset Loss:0.009100	Accuracy: 0.902098
21-09-29 18:59:29.348 - INFO: train Epoch: 38 [00040960/00109426 (37%)]	Loss: 0.279867 cls Loss: 0.191549 offset Loss:0.008832	Accuracy: 0.934903
21-09-29 18:59:32.440 - INFO: train Epoch: 38 [00081920/00109426 (75%)]	Loss: 0.295259 cls Loss: 0.207161 offset Loss:0.008810	Accuracy: 0.934593
21-09-29 18:59:34.280 - INFO: train epoch Loss: 0.317622 cls Loss: 0.228017 bbox Loss: 0.008960 Accuracy: 0.916617
21-09-29 18:59:35.184 - INFO: val Epoch: 38 [00000000/00026285 (00%)]	Loss: 0.318695 cls Loss: 0.229730 offset Loss:0.008896	Accuracy: 0.905899
21-09-29 18:59:37.064 - INFO: val epoch Loss: 0.318988 cls Loss: 0.224806 bbox Loss: 0.009418 Accuracy: 0.915817
21-09-29 18:59:37.822 - INFO: train Epoch: 39 [00000000/00109426 (00%)]	Loss: 0.355548 cls Loss: 0.256646 offset Loss:0.009890	Accuracy: 0.903704
21-09-29 18:59:40.795 - INFO: train Epoch: 39 [00040960/00109426 (37%)]	Loss: 0.317070 cls Loss: 0.224551 offset Loss:0.009252	Accuracy: 0.905882
21-09-29 18:59:43.467 - INFO: train Epoch: 39 [00081920/00109426 (75%)]	Loss: 0.326335 cls Loss: 0.234538 offset Loss:0.009180	Accuracy: 0.915835
21-09-29 18:59:45.579 - INFO: train epoch Loss: 0.316900 cls Loss: 0.227780 bbox Loss: 0.008912 Accuracy: 0.916185
21-09-29 18:59:46.328 - INFO: val Epoch: 39 [00000000/00026285 (00%)]	Loss: 0.327846 cls Loss: 0.236408 offset Loss:0.009144	Accuracy: 0.914493
21-09-29 18:59:48.197 - INFO: val epoch Loss: 0.317333 cls Loss: 0.223926 bbox Loss: 0.009341 Accuracy: 0.915321
21-09-29 18:59:48.949 - INFO: train Epoch: 40 [00000000/00109426 (00%)]	Loss: 0.337008 cls Loss: 0.251249 offset Loss:0.008576	Accuracy: 0.899135
21-09-29 18:59:52.380 - INFO: train Epoch: 40 [00040960/00109426 (37%)]	Loss: 0.285319 cls Loss: 0.200861 offset Loss:0.008446	Accuracy: 0.924286
21-09-29 18:59:55.545 - INFO: train Epoch: 40 [00081920/00109426 (75%)]	Loss: 0.294077 cls Loss: 0.207975 offset Loss:0.008610	Accuracy: 0.924581
21-09-29 18:59:57.448 - INFO: train epoch Loss: 0.312917 cls Loss: 0.224505 bbox Loss: 0.008841 Accuracy: 0.916746
21-09-29 18:59:58.134 - INFO: val Epoch: 40 [00000000/00026285 (00%)]	Loss: 0.333214 cls Loss: 0.232277 offset Loss:0.010094	Accuracy: 0.912917
21-09-29 19:00:00.143 - INFO: val epoch Loss: 0.314720 cls Loss: 0.222016 bbox Loss: 0.009270 Accuracy: 0.915875
21-09-29 19:00:00.873 - INFO: train Epoch: 41 [00000000/00109426 (00%)]	Loss: 0.360490 cls Loss: 0.273592 offset Loss:0.008690	Accuracy: 0.892598
21-09-29 19:00:04.322 - INFO: train Epoch: 41 [00040960/00109426 (37%)]	Loss: 0.299368 cls Loss: 0.220512 offset Loss:0.007886	Accuracy: 0.916435
21-09-29 19:00:07.378 - INFO: train Epoch: 41 [00081920/00109426 (75%)]	Loss: 0.315338 cls Loss: 0.227343 offset Loss:0.008800	Accuracy: 0.909477
21-09-29 19:00:09.290 - INFO: train epoch Loss: 0.312820 cls Loss: 0.224446 bbox Loss: 0.008837 Accuracy: 0.916715
21-09-29 19:00:09.992 - INFO: val Epoch: 41 [00000000/00026285 (00%)]	Loss: 0.293127 cls Loss: 0.205005 offset Loss:0.008812	Accuracy: 0.928077
21-09-29 19:00:11.901 - INFO: val epoch Loss: 0.314450 cls Loss: 0.221752 bbox Loss: 0.009270 Accuracy: 0.915787
21-09-29 19:00:12.851 - INFO: train Epoch: 42 [00000000/00109426 (00%)]	Loss: 0.295639 cls Loss: 0.214042 offset Loss:0.008160	Accuracy: 0.922114
21-09-29 19:00:16.222 - INFO: train Epoch: 42 [00040960/00109426 (37%)]	Loss: 0.353765 cls Loss: 0.264643 offset Loss:0.008912	Accuracy: 0.904286
21-09-29 19:00:19.263 - INFO: train Epoch: 42 [00081920/00109426 (75%)]	Loss: 0.307703 cls Loss: 0.223791 offset Loss:0.008391	Accuracy: 0.920567
21-09-29 19:00:21.153 - INFO: train epoch Loss: 0.312567 cls Loss: 0.224212 bbox Loss: 0.008836 Accuracy: 0.916671
21-09-29 19:00:21.831 - INFO: val Epoch: 42 [00000000/00026285 (00%)]	Loss: 0.326013 cls Loss: 0.231677 offset Loss:0.009434	Accuracy: 0.905660
21-09-29 19:00:23.753 - INFO: val epoch Loss: 0.314396 cls Loss: 0.221744 bbox Loss: 0.009265 Accuracy: 0.915765
21-09-29 19:00:24.545 - INFO: train Epoch: 43 [00000000/00109426 (00%)]	Loss: 0.279034 cls Loss: 0.185809 offset Loss:0.009322	Accuracy: 0.930736
21-09-29 19:00:28.182 - INFO: train Epoch: 43 [00040960/00109426 (37%)]	Loss: 0.291487 cls Loss: 0.207947 offset Loss:0.008354	Accuracy: 0.927476
21-09-29 19:00:31.277 - INFO: train Epoch: 43 [00081920/00109426 (75%)]	Loss: 0.329881 cls Loss: 0.242355 offset Loss:0.008753	Accuracy: 0.913165
21-09-29 19:00:33.369 - INFO: train epoch Loss: 0.312470 cls Loss: 0.224119 bbox Loss: 0.008835 Accuracy: 0.916828
21-09-29 19:00:34.047 - INFO: val Epoch: 43 [00000000/00026285 (00%)]	Loss: 0.274557 cls Loss: 0.176787 offset Loss:0.009777	Accuracy: 0.934593
21-09-29 19:00:35.948 - INFO: val epoch Loss: 0.314183 cls Loss: 0.221540 bbox Loss: 0.009264 Accuracy: 0.915799
21-09-29 19:00:36.779 - INFO: train Epoch: 44 [00000000/00109426 (00%)]	Loss: 0.304732 cls Loss: 0.209225 offset Loss:0.009551	Accuracy: 0.925764
21-09-29 19:00:39.959 - INFO: train Epoch: 44 [00040960/00109426 (37%)]	Loss: 0.296052 cls Loss: 0.209688 offset Loss:0.008636	Accuracy: 0.921965
21-09-29 19:00:43.019 - INFO: train Epoch: 44 [00081920/00109426 (75%)]	Loss: 0.298538 cls Loss: 0.211599 offset Loss:0.008694	Accuracy: 0.921652
21-09-29 19:00:44.854 - INFO: train epoch Loss: 0.312468 cls Loss: 0.224128 bbox Loss: 0.008834 Accuracy: 0.916528
21-09-29 19:00:45.543 - INFO: val Epoch: 44 [00000000/00026285 (00%)]	Loss: 0.299747 cls Loss: 0.206258 offset Loss:0.009349	Accuracy: 0.929191
21-09-29 19:00:47.469 - INFO: val epoch Loss: 0.314583 cls Loss: 0.221925 bbox Loss: 0.009266 Accuracy: 0.915340
21-09-29 19:00:48.165 - INFO: train Epoch: 45 [00000000/00109426 (00%)]	Loss: 0.324586 cls Loss: 0.235225 offset Loss:0.008936	Accuracy: 0.917827
21-09-29 19:00:51.724 - INFO: train Epoch: 45 [00040960/00109426 (37%)]	Loss: 0.293809 cls Loss: 0.208552 offset Loss:0.008526	Accuracy: 0.915352
21-09-29 19:00:54.896 - INFO: train Epoch: 45 [00081920/00109426 (75%)]	Loss: 0.298981 cls Loss: 0.214657 offset Loss:0.008432	Accuracy: 0.922414
21-09-29 19:00:56.971 - INFO: train epoch Loss: 0.312094 cls Loss: 0.223832 bbox Loss: 0.008826 Accuracy: 0.916864
21-09-29 19:00:57.733 - INFO: val Epoch: 45 [00000000/00026285 (00%)]	Loss: 0.355359 cls Loss: 0.261250 offset Loss:0.009411	Accuracy: 0.893895
21-09-29 19:00:59.580 - INFO: val epoch Loss: 0.313881 cls Loss: 0.221308 bbox Loss: 0.009257 Accuracy: 0.915769
21-09-29 19:01:00.280 - INFO: train Epoch: 46 [00000000/00109426 (00%)]	Loss: 0.319210 cls Loss: 0.230512 offset Loss:0.008870	Accuracy: 0.915730
21-09-29 19:01:03.583 - INFO: train Epoch: 46 [00040960/00109426 (37%)]	Loss: 0.329667 cls Loss: 0.236041 offset Loss:0.009363	Accuracy: 0.912863
21-09-29 19:01:07.269 - INFO: train Epoch: 46 [00081920/00109426 (75%)]	Loss: 0.280329 cls Loss: 0.192480 offset Loss:0.008785	Accuracy: 0.932635
21-09-29 19:01:09.380 - INFO: train epoch Loss: 0.311830 cls Loss: 0.223593 bbox Loss: 0.008824 Accuracy: 0.916839
21-09-29 19:01:10.056 - INFO: val Epoch: 46 [00000000/00026285 (00%)]	Loss: 0.321079 cls Loss: 0.229103 offset Loss:0.009198	Accuracy: 0.909226
21-09-29 19:01:11.910 - INFO: val epoch Loss: 0.314383 cls Loss: 0.221716 bbox Loss: 0.009267 Accuracy: 0.915504
21-09-29 19:01:12.632 - INFO: train Epoch: 47 [00000000/00109426 (00%)]	Loss: 0.332733 cls Loss: 0.246341 offset Loss:0.008639	Accuracy: 0.895105
21-09-29 19:01:15.857 - INFO: train Epoch: 47 [00040960/00109426 (37%)]	Loss: 0.342879 cls Loss: 0.253594 offset Loss:0.008929	Accuracy: 0.904167
21-09-29 19:01:18.960 - INFO: train Epoch: 47 [00081920/00109426 (75%)]	Loss: 0.302608 cls Loss: 0.210668 offset Loss:0.009194	Accuracy: 0.928058
21-09-29 19:01:20.893 - INFO: train epoch Loss: 0.311886 cls Loss: 0.223646 bbox Loss: 0.008824 Accuracy: 0.916588
21-09-29 19:01:21.630 - INFO: val Epoch: 47 [00000000/00026285 (00%)]	Loss: 0.279760 cls Loss: 0.186780 offset Loss:0.009298	Accuracy: 0.927326
21-09-29 19:01:23.455 - INFO: val epoch Loss: 0.313810 cls Loss: 0.221176 bbox Loss: 0.009263 Accuracy: 0.915987
21-09-29 19:01:24.148 - INFO: train Epoch: 48 [00000000/00109426 (00%)]	Loss: 0.322290 cls Loss: 0.227858 offset Loss:0.009443	Accuracy: 0.915205
21-09-29 19:01:27.344 - INFO: train Epoch: 48 [00040960/00109426 (37%)]	Loss: 0.287340 cls Loss: 0.203726 offset Loss:0.008361	Accuracy: 0.919378
21-09-29 19:01:30.731 - INFO: train Epoch: 48 [00081920/00109426 (75%)]	Loss: 0.280699 cls Loss: 0.191071 offset Loss:0.008963	Accuracy: 0.924088
21-09-29 19:01:32.747 - INFO: train epoch Loss: 0.311467 cls Loss: 0.223288 bbox Loss: 0.008818 Accuracy: 0.916777
21-09-29 19:01:33.428 - INFO: val Epoch: 48 [00000000/00026285 (00%)]	Loss: 0.308438 cls Loss: 0.216846 offset Loss:0.009159	Accuracy: 0.919944
21-09-29 19:01:35.191 - INFO: val epoch Loss: 0.313986 cls Loss: 0.221470 bbox Loss: 0.009252 Accuracy: 0.915262
21-09-29 19:01:35.962 - INFO: train Epoch: 49 [00000000/00109426 (00%)]	Loss: 0.312290 cls Loss: 0.220726 offset Loss:0.009156	Accuracy: 0.919067
21-09-29 19:01:39.573 - INFO: train Epoch: 49 [00040960/00109426 (37%)]	Loss: 0.286267 cls Loss: 0.199999 offset Loss:0.008627	Accuracy: 0.925926
21-09-29 19:01:42.178 - INFO: train Epoch: 49 [00081920/00109426 (75%)]	Loss: 0.321934 cls Loss: 0.235823 offset Loss:0.008611	Accuracy: 0.909091
21-09-29 19:01:44.062 - INFO: train epoch Loss: 0.311359 cls Loss: 0.223203 bbox Loss: 0.008816 Accuracy: 0.916787
21-09-29 19:01:44.699 - INFO: val Epoch: 49 [00000000/00026285 (00%)]	Loss: 0.307779 cls Loss: 0.217045 offset Loss:0.009073	Accuracy: 0.924747
21-09-29 19:01:46.558 - INFO: val epoch Loss: 0.312893 cls Loss: 0.220439 bbox Loss: 0.009245 Accuracy: 0.915824
21-09-29 19:01:47.258 - INFO: train Epoch: 50 [00000000/00109426 (00%)]	Loss: 0.312745 cls Loss: 0.226094 offset Loss:0.008665	Accuracy: 0.911517
21-09-29 19:01:50.573 - INFO: train Epoch: 50 [00040960/00109426 (37%)]	Loss: 0.315983 cls Loss: 0.217930 offset Loss:0.009805	Accuracy: 0.922967
21-09-29 19:01:53.779 - INFO: train Epoch: 50 [00081920/00109426 (75%)]	Loss: 0.327514 cls Loss: 0.243237 offset Loss:0.008428	Accuracy: 0.901547
21-09-29 19:01:55.729 - INFO: train epoch Loss: 0.311052 cls Loss: 0.222923 bbox Loss: 0.008813 Accuracy: 0.916805
21-09-29 19:01:56.460 - INFO: val Epoch: 50 [00000000/00026285 (00%)]	Loss: 0.306566 cls Loss: 0.212251 offset Loss:0.009432	Accuracy: 0.922302
21-09-29 19:01:58.440 - INFO: val epoch Loss: 0.312985 cls Loss: 0.220462 bbox Loss: 0.009252 Accuracy: 0.915685
21-09-29 19:01:59.350 - INFO: train Epoch: 51 [00000000/00109426 (00%)]	Loss: 0.328924 cls Loss: 0.236491 offset Loss:0.009243	Accuracy: 0.908957
21-09-29 19:02:02.579 - INFO: train Epoch: 51 [00040960/00109426 (37%)]	Loss: 0.311573 cls Loss: 0.219901 offset Loss:0.009167	Accuracy: 0.916312
21-09-29 19:02:05.843 - INFO: train Epoch: 51 [00081920/00109426 (75%)]	Loss: 0.315824 cls Loss: 0.227147 offset Loss:0.008868	Accuracy: 0.913793
21-09-29 19:02:07.824 - INFO: train epoch Loss: 0.310766 cls Loss: 0.222648 bbox Loss: 0.008812 Accuracy: 0.916757
21-09-29 19:02:08.528 - INFO: val Epoch: 51 [00000000/00026285 (00%)]	Loss: 0.284190 cls Loss: 0.194742 offset Loss:0.008945	Accuracy: 0.935345
21-09-29 19:02:10.338 - INFO: val epoch Loss: 0.312897 cls Loss: 0.220558 bbox Loss: 0.009234 Accuracy: 0.915451
21-09-29 19:02:11.062 - INFO: train Epoch: 52 [00000000/00109426 (00%)]	Loss: 0.309991 cls Loss: 0.222825 offset Loss:0.008717	Accuracy: 0.916094
21-09-29 19:02:14.422 - INFO: train Epoch: 52 [00040960/00109426 (37%)]	Loss: 0.367915 cls Loss: 0.279820 offset Loss:0.008809	Accuracy: 0.883621
21-09-29 19:02:17.541 - INFO: train Epoch: 52 [00081920/00109426 (75%)]	Loss: 0.334594 cls Loss: 0.249543 offset Loss:0.008505	Accuracy: 0.902996
21-09-29 19:02:19.403 - INFO: train epoch Loss: 0.310715 cls Loss: 0.222685 bbox Loss: 0.008803 Accuracy: 0.916728
21-09-29 19:02:20.084 - INFO: val Epoch: 52 [00000000/00026285 (00%)]	Loss: 0.292474 cls Loss: 0.195744 offset Loss:0.009673	Accuracy: 0.926036
21-09-29 19:02:21.935 - INFO: val epoch Loss: 0.312259 cls Loss: 0.219873 bbox Loss: 0.009239 Accuracy: 0.915812
21-09-29 19:02:22.647 - INFO: train Epoch: 53 [00000000/00109426 (00%)]	Loss: 0.310607 cls Loss: 0.216593 offset Loss:0.009401	Accuracy: 0.910112
21-09-29 19:02:26.124 - INFO: train Epoch: 53 [00040960/00109426 (37%)]	Loss: 0.321517 cls Loss: 0.242901 offset Loss:0.007862	Accuracy: 0.904564
21-09-29 19:02:29.324 - INFO: train Epoch: 53 [00081920/00109426 (75%)]	Loss: 0.285093 cls Loss: 0.199148 offset Loss:0.008595	Accuracy: 0.918425
21-09-29 19:02:31.358 - INFO: train epoch Loss: 0.310228 cls Loss: 0.222245 bbox Loss: 0.008798 Accuracy: 0.916930
21-09-29 19:02:32.028 - INFO: val Epoch: 53 [00000000/00026285 (00%)]	Loss: 0.310993 cls Loss: 0.220592 offset Loss:0.009040	Accuracy: 0.908419
21-09-29 19:02:33.941 - INFO: val epoch Loss: 0.311894 cls Loss: 0.219635 bbox Loss: 0.009226 Accuracy: 0.915693
21-09-29 19:02:34.674 - INFO: train Epoch: 54 [00000000/00109426 (00%)]	Loss: 0.270277 cls Loss: 0.180731 offset Loss:0.008955	Accuracy: 0.936416
21-09-29 19:02:38.023 - INFO: train Epoch: 54 [00040960/00109426 (37%)]	Loss: 0.340065 cls Loss: 0.247465 offset Loss:0.009260	Accuracy: 0.902941
21-09-29 19:02:41.352 - INFO: train Epoch: 54 [00081920/00109426 (75%)]	Loss: 0.294996 cls Loss: 0.213796 offset Loss:0.008120	Accuracy: 0.916312
21-09-29 19:02:43.023 - INFO: train epoch Loss: 0.310147 cls Loss: 0.222171 bbox Loss: 0.008798 Accuracy: 0.916960
21-09-29 19:02:43.657 - INFO: val Epoch: 54 [00000000/00026285 (00%)]	Loss: 0.298205 cls Loss: 0.208901 offset Loss:0.008930	Accuracy: 0.921348
21-09-29 19:02:45.238 - INFO: val epoch Loss: 0.311536 cls Loss: 0.219354 bbox Loss: 0.009218 Accuracy: 0.916003
21-09-29 19:02:45.948 - INFO: train Epoch: 55 [00000000/00109426 (00%)]	Loss: 0.326846 cls Loss: 0.237506 offset Loss:0.008934	Accuracy: 0.903631
21-09-29 19:02:49.850 - INFO: train Epoch: 55 [00040960/00109426 (37%)]	Loss: 0.332901 cls Loss: 0.243788 offset Loss:0.008911	Accuracy: 0.905849
21-09-29 19:02:53.185 - INFO: train Epoch: 55 [00081920/00109426 (75%)]	Loss: 0.323269 cls Loss: 0.232718 offset Loss:0.009055	Accuracy: 0.916318
21-09-29 19:02:55.247 - INFO: train epoch Loss: 0.309798 cls Loss: 0.221860 bbox Loss: 0.008794 Accuracy: 0.916969
21-09-29 19:02:55.955 - INFO: val Epoch: 55 [00000000/00026285 (00%)]	Loss: 0.318533 cls Loss: 0.228531 offset Loss:0.009000	Accuracy: 0.908957
21-09-29 19:02:57.952 - INFO: val epoch Loss: 0.311506 cls Loss: 0.219257 bbox Loss: 0.009225 Accuracy: 0.915905
21-09-29 19:02:58.750 - INFO: train Epoch: 56 [00000000/00109426 (00%)]	Loss: 0.335285 cls Loss: 0.244780 offset Loss:0.009050	Accuracy: 0.912921
21-09-29 19:03:02.280 - INFO: train Epoch: 56 [00040960/00109426 (37%)]	Loss: 0.340792 cls Loss: 0.255113 offset Loss:0.008568	Accuracy: 0.906648
21-09-29 19:03:05.470 - INFO: train Epoch: 56 [00081920/00109426 (75%)]	Loss: 0.298362 cls Loss: 0.213506 offset Loss:0.008486	Accuracy: 0.921986
21-09-29 19:03:07.405 - INFO: train epoch Loss: 0.309441 cls Loss: 0.221538 bbox Loss: 0.008790 Accuracy: 0.917106
21-09-29 19:03:08.149 - INFO: val Epoch: 56 [00000000/00026285 (00%)]	Loss: 0.297877 cls Loss: 0.208625 offset Loss:0.008925	Accuracy: 0.925180
21-09-29 19:03:09.988 - INFO: val epoch Loss: 0.311700 cls Loss: 0.219474 bbox Loss: 0.009223 Accuracy: 0.915541
21-09-29 19:03:10.675 - INFO: train Epoch: 57 [00000000/00109426 (00%)]	Loss: 0.286964 cls Loss: 0.201724 offset Loss:0.008524	Accuracy: 0.922861
21-09-29 19:03:14.141 - INFO: train Epoch: 57 [00040960/00109426 (37%)]	Loss: 0.320244 cls Loss: 0.235540 offset Loss:0.008470	Accuracy: 0.912500
21-09-29 19:03:17.242 - INFO: train Epoch: 57 [00081920/00109426 (75%)]	Loss: 0.310926 cls Loss: 0.225910 offset Loss:0.008502	Accuracy: 0.910663
21-09-29 19:03:19.144 - INFO: train epoch Loss: 0.309384 cls Loss: 0.221530 bbox Loss: 0.008785 Accuracy: 0.917064
21-09-29 19:03:19.876 - INFO: val Epoch: 57 [00000000/00026285 (00%)]	Loss: 0.298789 cls Loss: 0.206507 offset Loss:0.009228	Accuracy: 0.924332
21-09-29 19:03:21.835 - INFO: val epoch Loss: 0.311051 cls Loss: 0.218938 bbox Loss: 0.009211 Accuracy: 0.915757
21-09-29 19:03:22.543 - INFO: train Epoch: 58 [00000000/00109426 (00%)]	Loss: 0.344202 cls Loss: 0.257532 offset Loss:0.008667	Accuracy: 0.892857
21-09-29 19:03:26.052 - INFO: train Epoch: 58 [00040960/00109426 (37%)]	Loss: 0.305738 cls Loss: 0.220488 offset Loss:0.008525	Accuracy: 0.909341
21-09-29 19:03:29.372 - INFO: train Epoch: 58 [00081920/00109426 (75%)]	Loss: 0.338298 cls Loss: 0.251538 offset Loss:0.008676	Accuracy: 0.911977
21-09-29 19:03:31.463 - INFO: train epoch Loss: 0.309233 cls Loss: 0.221412 bbox Loss: 0.008782 Accuracy: 0.916933
21-09-29 19:03:32.186 - INFO: val Epoch: 58 [00000000/00026285 (00%)]	Loss: 0.315929 cls Loss: 0.217665 offset Loss:0.009826	Accuracy: 0.920471
21-09-29 19:03:34.153 - INFO: val epoch Loss: 0.311673 cls Loss: 0.219671 bbox Loss: 0.009200 Accuracy: 0.915923
21-09-29 19:03:34.884 - INFO: train Epoch: 59 [00000000/00109426 (00%)]	Loss: 0.280678 cls Loss: 0.195104 offset Loss:0.008557	Accuracy: 0.926431
21-09-29 19:03:38.060 - INFO: train Epoch: 59 [00040960/00109426 (37%)]	Loss: 0.313157 cls Loss: 0.224494 offset Loss:0.008866	Accuracy: 0.909742
21-09-29 19:03:41.124 - INFO: train Epoch: 59 [00081920/00109426 (75%)]	Loss: 0.341382 cls Loss: 0.247029 offset Loss:0.009435	Accuracy: 0.910663
21-09-29 19:03:42.961 - INFO: train epoch Loss: 0.308867 cls Loss: 0.221163 bbox Loss: 0.008770 Accuracy: 0.917032
21-09-29 19:03:43.591 - INFO: val Epoch: 59 [00000000/00026285 (00%)]	Loss: 0.297873 cls Loss: 0.209836 offset Loss:0.008804	Accuracy: 0.918723
21-09-29 19:03:45.161 - INFO: val epoch Loss: 0.310112 cls Loss: 0.218189 bbox Loss: 0.009192 Accuracy: 0.915698
21-09-29 19:03:45.800 - INFO: train Epoch: 60 [00000000/00109426 (00%)]	Loss: 0.326257 cls Loss: 0.244818 offset Loss:0.008144	Accuracy: 0.907143
21-09-29 19:03:48.546 - INFO: train Epoch: 60 [00040960/00109426 (37%)]	Loss: 0.347721 cls Loss: 0.261386 offset Loss:0.008633	Accuracy: 0.908587
21-09-29 19:03:52.023 - INFO: train Epoch: 60 [00081920/00109426 (75%)]	Loss: 0.305599 cls Loss: 0.221158 offset Loss:0.008444	Accuracy: 0.911641
21-09-29 19:03:54.276 - INFO: train epoch Loss: 0.308411 cls Loss: 0.220716 bbox Loss: 0.008769 Accuracy: 0.916994
21-09-29 19:03:55.151 - INFO: val Epoch: 60 [00000000/00026285 (00%)]	Loss: 0.303202 cls Loss: 0.205481 offset Loss:0.009772	Accuracy: 0.916788
21-09-29 19:03:56.944 - INFO: val epoch Loss: 0.309891 cls Loss: 0.218044 bbox Loss: 0.009185 Accuracy: 0.915723
21-09-29 19:03:57.653 - INFO: train Epoch: 61 [00000000/00109426 (00%)]	Loss: 0.327145 cls Loss: 0.242204 offset Loss:0.008494	Accuracy: 0.908966
21-09-29 19:04:00.886 - INFO: train Epoch: 61 [00040960/00109426 (37%)]	Loss: 0.257189 cls Loss: 0.173716 offset Loss:0.008347	Accuracy: 0.937413
21-09-29 19:04:04.222 - INFO: train Epoch: 61 [00081920/00109426 (75%)]	Loss: 0.316087 cls Loss: 0.223270 offset Loss:0.009282	Accuracy: 0.914580
21-09-29 19:04:06.130 - INFO: train epoch Loss: 0.308378 cls Loss: 0.220665 bbox Loss: 0.008771 Accuracy: 0.916934
21-09-29 19:04:06.832 - INFO: val Epoch: 61 [00000000/00026285 (00%)]	Loss: 0.310406 cls Loss: 0.220392 offset Loss:0.009001	Accuracy: 0.911932
21-09-29 19:04:08.741 - INFO: val epoch Loss: 0.309619 cls Loss: 0.217649 bbox Loss: 0.009197 Accuracy: 0.915575
21-09-29 19:04:09.454 - INFO: train Epoch: 62 [00000000/00109426 (00%)]	Loss: 0.317099 cls Loss: 0.230109 offset Loss:0.008699	Accuracy: 0.908579
21-09-29 19:04:12.755 - INFO: train Epoch: 62 [00040960/00109426 (37%)]	Loss: 0.321902 cls Loss: 0.228850 offset Loss:0.009305	Accuracy: 0.905109
21-09-29 19:04:15.883 - INFO: train Epoch: 62 [00081920/00109426 (75%)]	Loss: 0.316067 cls Loss: 0.222244 offset Loss:0.009382	Accuracy: 0.916300
21-09-29 19:04:17.839 - INFO: train epoch Loss: 0.307764 cls Loss: 0.220054 bbox Loss: 0.008771 Accuracy: 0.916994
21-09-29 19:04:18.530 - INFO: val Epoch: 62 [00000000/00026285 (00%)]	Loss: 0.338891 cls Loss: 0.252023 offset Loss:0.008687	Accuracy: 0.891273
21-09-29 19:04:20.344 - INFO: val epoch Loss: 0.309451 cls Loss: 0.217534 bbox Loss: 0.009192 Accuracy: 0.915633
21-09-29 19:04:21.064 - INFO: train Epoch: 63 [00000000/00109426 (00%)]	Loss: 0.294666 cls Loss: 0.200370 offset Loss:0.009430	Accuracy: 0.926934
21-09-29 19:04:24.355 - INFO: train Epoch: 63 [00040960/00109426 (37%)]	Loss: 0.299736 cls Loss: 0.216340 offset Loss:0.008340	Accuracy: 0.914652
21-09-29 19:04:27.642 - INFO: train Epoch: 63 [00081920/00109426 (75%)]	Loss: 0.310436 cls Loss: 0.221138 offset Loss:0.008930	Accuracy: 0.911047
21-09-29 19:04:29.676 - INFO: train epoch Loss: 0.307411 cls Loss: 0.219884 bbox Loss: 0.008753 Accuracy: 0.916968
21-09-29 19:04:30.592 - INFO: val Epoch: 63 [00000000/00026285 (00%)]	Loss: 0.295123 cls Loss: 0.208167 offset Loss:0.008696	Accuracy: 0.919034
21-09-29 19:04:32.558 - INFO: val epoch Loss: 0.309427 cls Loss: 0.217690 bbox Loss: 0.009174 Accuracy: 0.915753
21-09-29 19:04:33.269 - INFO: train Epoch: 64 [00000000/00109426 (00%)]	Loss: 0.300242 cls Loss: 0.206473 offset Loss:0.009377	Accuracy: 0.923977
21-09-29 19:04:36.943 - INFO: train Epoch: 64 [00040960/00109426 (37%)]	Loss: 0.284430 cls Loss: 0.192571 offset Loss:0.009186	Accuracy: 0.936530
21-09-29 19:04:39.841 - INFO: train Epoch: 64 [00081920/00109426 (75%)]	Loss: 0.269759 cls Loss: 0.184108 offset Loss:0.008565	Accuracy: 0.927171
21-09-29 19:04:42.127 - INFO: train epoch Loss: 0.307052 cls Loss: 0.219593 bbox Loss: 0.008746 Accuracy: 0.917398
21-09-29 19:04:42.795 - INFO: val Epoch: 64 [00000000/00026285 (00%)]	Loss: 0.283661 cls Loss: 0.199466 offset Loss:0.008419	Accuracy: 0.922096
21-09-29 19:04:44.645 - INFO: val epoch Loss: 0.308608 cls Loss: 0.216945 bbox Loss: 0.009166 Accuracy: 0.915532
21-09-29 19:04:45.322 - INFO: train Epoch: 65 [00000000/00109426 (00%)]	Loss: 0.317177 cls Loss: 0.225794 offset Loss:0.009138	Accuracy: 0.912857
21-09-29 19:04:48.161 - INFO: train Epoch: 65 [00040960/00109426 (37%)]	Loss: 0.333263 cls Loss: 0.250960 offset Loss:0.008230	Accuracy: 0.908297
21-09-29 19:04:50.923 - INFO: train Epoch: 65 [00081920/00109426 (75%)]	Loss: 0.313004 cls Loss: 0.223569 offset Loss:0.008944	Accuracy: 0.913598
21-09-29 19:04:52.857 - INFO: train epoch Loss: 0.306845 cls Loss: 0.219335 bbox Loss: 0.008751 Accuracy: 0.917032
21-09-29 19:04:53.738 - INFO: val Epoch: 65 [00000000/00026285 (00%)]	Loss: 0.287260 cls Loss: 0.191276 offset Loss:0.009598	Accuracy: 0.931232
21-09-29 19:04:55.869 - INFO: val epoch Loss: 0.308599 cls Loss: 0.216529 bbox Loss: 0.009207 Accuracy: 0.915959
21-09-29 19:04:56.658 - INFO: train Epoch: 66 [00000000/00109426 (00%)]	Loss: 0.294826 cls Loss: 0.204318 offset Loss:0.009051	Accuracy: 0.926934
21-09-29 19:04:59.970 - INFO: train Epoch: 66 [00040960/00109426 (37%)]	Loss: 0.316556 cls Loss: 0.231764 offset Loss:0.008479	Accuracy: 0.920635
21-09-29 19:05:03.122 - INFO: train Epoch: 66 [00081920/00109426 (75%)]	Loss: 0.321898 cls Loss: 0.229365 offset Loss:0.009253	Accuracy: 0.905797
21-09-29 19:05:04.991 - INFO: train epoch Loss: 0.306669 cls Loss: 0.219289 bbox Loss: 0.008738 Accuracy: 0.917283
21-09-29 19:05:05.736 - INFO: val Epoch: 66 [00000000/00026285 (00%)]	Loss: 0.298863 cls Loss: 0.201575 offset Loss:0.009729	Accuracy: 0.926426
21-09-29 19:05:07.549 - INFO: val epoch Loss: 0.308208 cls Loss: 0.216514 bbox Loss: 0.009169 Accuracy: 0.915702
21-09-29 19:05:08.278 - INFO: train Epoch: 67 [00000000/00109426 (00%)]	Loss: 0.313220 cls Loss: 0.225708 offset Loss:0.008751	Accuracy: 0.924609
21-09-29 19:05:11.582 - INFO: train Epoch: 67 [00040960/00109426 (37%)]	Loss: 0.331269 cls Loss: 0.242240 offset Loss:0.008903	Accuracy: 0.904830
21-09-29 19:05:14.723 - INFO: train Epoch: 67 [00081920/00109426 (75%)]	Loss: 0.296739 cls Loss: 0.206470 offset Loss:0.009027	Accuracy: 0.924419
21-09-29 19:05:16.610 - INFO: train epoch Loss: 0.305886 cls Loss: 0.218580 bbox Loss: 0.008731 Accuracy: 0.917476
21-09-29 19:05:17.296 - INFO: val Epoch: 67 [00000000/00026285 (00%)]	Loss: 0.279068 cls Loss: 0.178232 offset Loss:0.010084	Accuracy: 0.939617
21-09-29 19:05:19.326 - INFO: val epoch Loss: 0.307557 cls Loss: 0.216048 bbox Loss: 0.009151 Accuracy: 0.916041
21-09-29 19:05:20.082 - INFO: train Epoch: 68 [00000000/00109426 (00%)]	Loss: 0.289305 cls Loss: 0.204573 offset Loss:0.008473	Accuracy: 0.926450
21-09-29 19:05:23.364 - INFO: train Epoch: 68 [00040960/00109426 (37%)]	Loss: 0.305804 cls Loss: 0.219166 offset Loss:0.008664	Accuracy: 0.924929
21-09-29 19:05:26.473 - INFO: train Epoch: 68 [00081920/00109426 (75%)]	Loss: 0.316537 cls Loss: 0.216390 offset Loss:0.010015	Accuracy: 0.924528
21-09-29 19:05:28.373 - INFO: train epoch Loss: 0.305401 cls Loss: 0.218198 bbox Loss: 0.008720 Accuracy: 0.917604
21-09-29 19:05:29.140 - INFO: val Epoch: 68 [00000000/00026285 (00%)]	Loss: 0.348393 cls Loss: 0.254027 offset Loss:0.009437	Accuracy: 0.904486
21-09-29 19:05:30.970 - INFO: val epoch Loss: 0.307096 cls Loss: 0.215744 bbox Loss: 0.009135 Accuracy: 0.916099
21-09-29 19:05:31.676 - INFO: train Epoch: 69 [00000000/00109426 (00%)]	Loss: 0.302852 cls Loss: 0.213672 offset Loss:0.008918	Accuracy: 0.921852
21-09-29 19:05:35.222 - INFO: train Epoch: 69 [00040960/00109426 (37%)]	Loss: 0.320105 cls Loss: 0.233438 offset Loss:0.008667	Accuracy: 0.912256
21-09-29 19:05:38.423 - INFO: train Epoch: 69 [00081920/00109426 (75%)]	Loss: 0.275607 cls Loss: 0.192277 offset Loss:0.008333	Accuracy: 0.930736
21-09-29 19:05:40.451 - INFO: train epoch Loss: 0.305695 cls Loss: 0.218552 bbox Loss: 0.008714 Accuracy: 0.917467
21-09-29 19:05:41.227 - INFO: val Epoch: 69 [00000000/00026285 (00%)]	Loss: 0.288079 cls Loss: 0.199362 offset Loss:0.008872	Accuracy: 0.928058
21-09-29 19:05:43.276 - INFO: val epoch Loss: 0.307095 cls Loss: 0.215723 bbox Loss: 0.009137 Accuracy: 0.915840
21-09-29 19:05:43.942 - INFO: train Epoch: 70 [00000000/00109426 (00%)]	Loss: 0.291387 cls Loss: 0.200267 offset Loss:0.009112	Accuracy: 0.922969
21-09-29 19:05:46.822 - INFO: train Epoch: 70 [00040960/00109426 (37%)]	Loss: 0.293151 cls Loss: 0.206695 offset Loss:0.008646	Accuracy: 0.920977
21-09-29 19:05:49.471 - INFO: train Epoch: 70 [00081920/00109426 (75%)]	Loss: 0.279911 cls Loss: 0.199392 offset Loss:0.008052	Accuracy: 0.926287
21-09-29 19:05:51.333 - INFO: train epoch Loss: 0.304822 cls Loss: 0.217694 bbox Loss: 0.008713 Accuracy: 0.917352
21-09-29 19:05:52.039 - INFO: val Epoch: 70 [00000000/00026285 (00%)]	Loss: 0.309627 cls Loss: 0.215151 offset Loss:0.009448	Accuracy: 0.915805
21-09-29 19:05:53.885 - INFO: val epoch Loss: 0.307267 cls Loss: 0.216216 bbox Loss: 0.009105 Accuracy: 0.915792
21-09-29 19:05:54.683 - INFO: train Epoch: 71 [00000000/00109426 (00%)]	Loss: 0.314222 cls Loss: 0.227790 offset Loss:0.008643	Accuracy: 0.912851
21-09-29 19:05:58.048 - INFO: train Epoch: 71 [00040960/00109426 (37%)]	Loss: 0.258266 cls Loss: 0.175637 offset Loss:0.008263	Accuracy: 0.932785
21-09-29 19:06:01.425 - INFO: train Epoch: 71 [00081920/00109426 (75%)]	Loss: 0.309062 cls Loss: 0.220838 offset Loss:0.008822	Accuracy: 0.912857
21-09-29 19:06:03.456 - INFO: train epoch Loss: 0.304682 cls Loss: 0.217673 bbox Loss: 0.008701 Accuracy: 0.917619
21-09-29 19:06:04.186 - INFO: val Epoch: 71 [00000000/00026285 (00%)]	Loss: 0.288574 cls Loss: 0.197511 offset Loss:0.009106	Accuracy: 0.923631
21-09-29 19:06:06.026 - INFO: val epoch Loss: 0.306786 cls Loss: 0.215350 bbox Loss: 0.009144 Accuracy: 0.915604
21-09-29 19:06:06.758 - INFO: train Epoch: 72 [00000000/00109426 (00%)]	Loss: 0.269460 cls Loss: 0.178463 offset Loss:0.009100	Accuracy: 0.931785
21-09-29 19:06:10.023 - INFO: train Epoch: 72 [00040960/00109426 (37%)]	Loss: 0.283924 cls Loss: 0.198391 offset Loss:0.008553	Accuracy: 0.924157
21-09-29 19:06:13.145 - INFO: train Epoch: 72 [00081920/00109426 (75%)]	Loss: 0.296974 cls Loss: 0.204619 offset Loss:0.009235	Accuracy: 0.931085
21-09-29 19:06:15.081 - INFO: train epoch Loss: 0.304200 cls Loss: 0.217279 bbox Loss: 0.008692 Accuracy: 0.917685
21-09-29 19:06:15.791 - INFO: val Epoch: 72 [00000000/00026285 (00%)]	Loss: 0.287738 cls Loss: 0.192851 offset Loss:0.009489	Accuracy: 0.921512
21-09-29 19:06:17.689 - INFO: val epoch Loss: 0.306619 cls Loss: 0.215603 bbox Loss: 0.009102 Accuracy: 0.915895
21-09-29 19:06:18.381 - INFO: train Epoch: 73 [00000000/00109426 (00%)]	Loss: 0.328032 cls Loss: 0.242218 offset Loss:0.008581	Accuracy: 0.901146
21-09-29 19:06:21.742 - INFO: train Epoch: 73 [00040960/00109426 (37%)]	Loss: 0.277661 cls Loss: 0.190301 offset Loss:0.008736	Accuracy: 0.944134
21-09-29 19:06:24.881 - INFO: train Epoch: 73 [00081920/00109426 (75%)]	Loss: 0.265339 cls Loss: 0.179910 offset Loss:0.008543	Accuracy: 0.942657
21-09-29 19:06:26.995 - INFO: train epoch Loss: 0.303743 cls Loss: 0.216830 bbox Loss: 0.008691 Accuracy: 0.917383
21-09-29 19:06:27.678 - INFO: val Epoch: 73 [00000000/00026285 (00%)]	Loss: 0.301619 cls Loss: 0.212945 offset Loss:0.008867	Accuracy: 0.925180
21-09-29 19:06:29.577 - INFO: val epoch Loss: 0.305376 cls Loss: 0.214584 bbox Loss: 0.009079 Accuracy: 0.916190
21-09-29 19:06:30.444 - INFO: train Epoch: 74 [00000000/00109426 (00%)]	Loss: 0.262435 cls Loss: 0.174143 offset Loss:0.008829	Accuracy: 0.939655
21-09-29 19:06:33.858 - INFO: train Epoch: 74 [00040960/00109426 (37%)]	Loss: 0.325100 cls Loss: 0.234872 offset Loss:0.009023	Accuracy: 0.911208
21-09-29 19:06:36.951 - INFO: train Epoch: 74 [00081920/00109426 (75%)]	Loss: 0.311906 cls Loss: 0.229053 offset Loss:0.008285	Accuracy: 0.911517
21-09-29 19:06:38.875 - INFO: train epoch Loss: 0.303764 cls Loss: 0.216998 bbox Loss: 0.008677 Accuracy: 0.917414
21-09-29 19:06:39.550 - INFO: val Epoch: 74 [00000000/00026285 (00%)]	Loss: 0.301052 cls Loss: 0.207314 offset Loss:0.009374	Accuracy: 0.909742
21-09-29 19:06:41.319 - INFO: val epoch Loss: 0.306772 cls Loss: 0.215973 bbox Loss: 0.009080 Accuracy: 0.915896
21-09-29 19:06:41.949 - INFO: train Epoch: 75 [00000000/00109426 (00%)]	Loss: 0.334978 cls Loss: 0.249968 offset Loss:0.008501	Accuracy: 0.902899
21-09-29 19:06:45.271 - INFO: train Epoch: 75 [00040960/00109426 (37%)]	Loss: 0.309690 cls Loss: 0.216470 offset Loss:0.009322	Accuracy: 0.923881
21-09-29 19:06:47.883 - INFO: train Epoch: 75 [00081920/00109426 (75%)]	Loss: 0.323026 cls Loss: 0.227845 offset Loss:0.009518	Accuracy: 0.916427
21-09-29 19:06:49.708 - INFO: train epoch Loss: 0.302968 cls Loss: 0.216221 bbox Loss: 0.008675 Accuracy: 0.917953
21-09-29 19:06:50.451 - INFO: val Epoch: 75 [00000000/00026285 (00%)]	Loss: 0.295088 cls Loss: 0.210937 offset Loss:0.008415	Accuracy: 0.918768
21-09-29 19:06:52.029 - INFO: val epoch Loss: 0.304522 cls Loss: 0.213344 bbox Loss: 0.009118 Accuracy: 0.915785
21-09-29 19:06:52.938 - INFO: train Epoch: 76 [00000000/00109426 (00%)]	Loss: 0.302708 cls Loss: 0.211418 offset Loss:0.009129	Accuracy: 0.924609
21-09-29 19:06:56.169 - INFO: train Epoch: 76 [00040960/00109426 (37%)]	Loss: 0.274250 cls Loss: 0.187621 offset Loss:0.008663	Accuracy: 0.923077
21-09-29 19:06:59.235 - INFO: train Epoch: 76 [00081920/00109426 (75%)]	Loss: 0.298415 cls Loss: 0.220201 offset Loss:0.007821	Accuracy: 0.908108
21-09-29 19:07:01.248 - INFO: train epoch Loss: 0.302451 cls Loss: 0.215819 bbox Loss: 0.008663 Accuracy: 0.917792
21-09-29 19:07:01.955 - INFO: val Epoch: 76 [00000000/00026285 (00%)]	Loss: 0.328471 cls Loss: 0.235162 offset Loss:0.009331	Accuracy: 0.911932
21-09-29 19:07:04.193 - INFO: val epoch Loss: 0.304503 cls Loss: 0.213343 bbox Loss: 0.009116 Accuracy: 0.916243
21-09-29 19:07:04.868 - INFO: train Epoch: 77 [00000000/00109426 (00%)]	Loss: 0.284546 cls Loss: 0.195329 offset Loss:0.008922	Accuracy: 0.925666
21-09-29 19:07:08.125 - INFO: train Epoch: 77 [00040960/00109426 (37%)]	Loss: 0.278719 cls Loss: 0.194245 offset Loss:0.008447	Accuracy: 0.931884
21-09-29 19:07:11.159 - INFO: train Epoch: 77 [00081920/00109426 (75%)]	Loss: 0.276197 cls Loss: 0.191447 offset Loss:0.008475	Accuracy: 0.921788
21-09-29 19:07:13.070 - INFO: train epoch Loss: 0.301699 cls Loss: 0.215148 bbox Loss: 0.008655 Accuracy: 0.917797
21-09-29 19:07:13.741 - INFO: val Epoch: 77 [00000000/00026285 (00%)]	Loss: 0.343364 cls Loss: 0.255059 offset Loss:0.008830	Accuracy: 0.893333
21-09-29 19:07:15.576 - INFO: val epoch Loss: 0.305759 cls Loss: 0.215124 bbox Loss: 0.009064 Accuracy: 0.916123
21-09-29 19:07:16.276 - INFO: train Epoch: 78 [00000000/00109426 (00%)]	Loss: 0.288757 cls Loss: 0.200372 offset Loss:0.008839	Accuracy: 0.921875
21-09-29 19:07:19.546 - INFO: train Epoch: 78 [00040960/00109426 (37%)]	Loss: 0.320785 cls Loss: 0.236484 offset Loss:0.008430	Accuracy: 0.903736
21-09-29 19:07:22.622 - INFO: train Epoch: 78 [00081920/00109426 (75%)]	Loss: 0.311603 cls Loss: 0.222297 offset Loss:0.008931	Accuracy: 0.910741
21-09-29 19:07:24.498 - INFO: train epoch Loss: 0.301548 cls Loss: 0.215120 bbox Loss: 0.008643 Accuracy: 0.918096
21-09-29 19:07:25.372 - INFO: val Epoch: 78 [00000000/00026285 (00%)]	Loss: 0.319900 cls Loss: 0.234443 offset Loss:0.008546	Accuracy: 0.901903
21-09-29 19:07:27.446 - INFO: val epoch Loss: 0.303122 cls Loss: 0.212783 bbox Loss: 0.009034 Accuracy: 0.916155
21-09-29 19:07:28.169 - INFO: train Epoch: 79 [00000000/00109426 (00%)]	Loss: 0.338953 cls Loss: 0.256727 offset Loss:0.008223	Accuracy: 0.898876
21-09-29 19:07:31.722 - INFO: train Epoch: 79 [00040960/00109426 (37%)]	Loss: 0.293685 cls Loss: 0.209543 offset Loss:0.008414	Accuracy: 0.904486
21-09-29 19:07:34.872 - INFO: train Epoch: 79 [00081920/00109426 (75%)]	Loss: 0.266468 cls Loss: 0.177369 offset Loss:0.008910	Accuracy: 0.930986
21-09-29 19:07:36.957 - INFO: train epoch Loss: 0.300771 cls Loss: 0.214521 bbox Loss: 0.008625 Accuracy: 0.917907
21-09-29 19:07:37.669 - INFO: val Epoch: 79 [00000000/00026285 (00%)]	Loss: 0.314370 cls Loss: 0.221375 offset Loss:0.009299	Accuracy: 0.907625
21-09-29 19:07:39.583 - INFO: val epoch Loss: 0.303135 cls Loss: 0.212081 bbox Loss: 0.009105 Accuracy: 0.916078
21-09-29 19:07:40.263 - INFO: train Epoch: 80 [00000000/00109426 (00%)]	Loss: 0.283699 cls Loss: 0.199714 offset Loss:0.008399	Accuracy: 0.925666
21-09-29 19:07:43.565 - INFO: train Epoch: 80 [00040960/00109426 (37%)]	Loss: 0.295942 cls Loss: 0.210486 offset Loss:0.008546	Accuracy: 0.924286
21-09-29 19:07:46.722 - INFO: train Epoch: 80 [00081920/00109426 (75%)]	Loss: 0.293285 cls Loss: 0.210486 offset Loss:0.008280	Accuracy: 0.930535
21-09-29 19:07:48.678 - INFO: train epoch Loss: 0.299886 cls Loss: 0.213866 bbox Loss: 0.008602 Accuracy: 0.918123
21-09-29 19:07:49.359 - INFO: val Epoch: 80 [00000000/00026285 (00%)]	Loss: 0.275409 cls Loss: 0.189790 offset Loss:0.008562	Accuracy: 0.920455
21-09-29 19:07:50.982 - INFO: val epoch Loss: 0.302228 cls Loss: 0.212137 bbox Loss: 0.009009 Accuracy: 0.916134
21-09-29 19:07:51.668 - INFO: train Epoch: 81 [00000000/00109426 (00%)]	Loss: 0.280070 cls Loss: 0.198656 offset Loss:0.008141	Accuracy: 0.922969
21-09-29 19:07:54.976 - INFO: train Epoch: 81 [00040960/00109426 (37%)]	Loss: 0.287674 cls Loss: 0.200194 offset Loss:0.008748	Accuracy: 0.919424
21-09-29 19:07:58.073 - INFO: train Epoch: 81 [00081920/00109426 (75%)]	Loss: 0.301948 cls Loss: 0.214372 offset Loss:0.008758	Accuracy: 0.903819
21-09-29 19:07:59.970 - INFO: train epoch Loss: 0.299820 cls Loss: 0.213861 bbox Loss: 0.008596 Accuracy: 0.918268
21-09-29 19:08:00.838 - INFO: val Epoch: 81 [00000000/00026285 (00%)]	Loss: 0.320378 cls Loss: 0.228515 offset Loss:0.009186	Accuracy: 0.909884
21-09-29 19:08:02.784 - INFO: val epoch Loss: 0.302064 cls Loss: 0.211995 bbox Loss: 0.009007 Accuracy: 0.916195
21-09-29 19:08:03.578 - INFO: train Epoch: 82 [00000000/00109426 (00%)]	Loss: 0.265734 cls Loss: 0.184777 offset Loss:0.008096	Accuracy: 0.929775
21-09-29 19:08:07.441 - INFO: train Epoch: 82 [00040960/00109426 (37%)]	Loss: 0.292361 cls Loss: 0.213887 offset Loss:0.007847	Accuracy: 0.918169
21-09-29 19:08:10.622 - INFO: train Epoch: 82 [00081920/00109426 (75%)]	Loss: 0.261162 cls Loss: 0.176703 offset Loss:0.008446	Accuracy: 0.931721
21-09-29 19:08:12.708 - INFO: train epoch Loss: 0.299834 cls Loss: 0.213885 bbox Loss: 0.008595 Accuracy: 0.918077
21-09-29 19:08:13.435 - INFO: val Epoch: 82 [00000000/00026285 (00%)]	Loss: 0.324923 cls Loss: 0.232141 offset Loss:0.009278	Accuracy: 0.907046
21-09-29 19:08:15.263 - INFO: val epoch Loss: 0.301904 cls Loss: 0.211808 bbox Loss: 0.009010 Accuracy: 0.916367
21-09-29 19:08:15.973 - INFO: train Epoch: 83 [00000000/00109426 (00%)]	Loss: 0.303723 cls Loss: 0.214411 offset Loss:0.008931	Accuracy: 0.917271
21-09-29 19:08:19.247 - INFO: train Epoch: 83 [00040960/00109426 (37%)]	Loss: 0.325301 cls Loss: 0.238301 offset Loss:0.008700	Accuracy: 0.914986
21-09-29 19:08:22.322 - INFO: train Epoch: 83 [00081920/00109426 (75%)]	Loss: 0.332847 cls Loss: 0.252762 offset Loss:0.008008	Accuracy: 0.902778
21-09-29 19:08:24.251 - INFO: train epoch Loss: 0.299660 cls Loss: 0.213717 bbox Loss: 0.008594 Accuracy: 0.918113
21-09-29 19:08:24.945 - INFO: val Epoch: 83 [00000000/00026285 (00%)]	Loss: 0.289888 cls Loss: 0.195893 offset Loss:0.009400	Accuracy: 0.916788
21-09-29 19:08:26.898 - INFO: val epoch Loss: 0.302005 cls Loss: 0.211832 bbox Loss: 0.009017 Accuracy: 0.916156
21-09-29 19:08:27.652 - INFO: train Epoch: 84 [00000000/00109426 (00%)]	Loss: 0.290312 cls Loss: 0.203482 offset Loss:0.008683	Accuracy: 0.921569
21-09-29 19:08:30.923 - INFO: train Epoch: 84 [00040960/00109426 (37%)]	Loss: 0.291202 cls Loss: 0.200815 offset Loss:0.009039	Accuracy: 0.927622
21-09-29 19:08:34.057 - INFO: train Epoch: 84 [00081920/00109426 (75%)]	Loss: 0.265459 cls Loss: 0.185204 offset Loss:0.008026	Accuracy: 0.934903
21-09-29 19:08:36.178 - INFO: train epoch Loss: 0.299746 cls Loss: 0.213813 bbox Loss: 0.008593 Accuracy: 0.918222
21-09-29 19:08:36.958 - INFO: val Epoch: 84 [00000000/00026285 (00%)]	Loss: 0.287277 cls Loss: 0.195396 offset Loss:0.009188	Accuracy: 0.917496
21-09-29 19:08:38.950 - INFO: val epoch Loss: 0.301969 cls Loss: 0.211886 bbox Loss: 0.009008 Accuracy: 0.916172
21-09-29 19:08:39.656 - INFO: train Epoch: 85 [00000000/00109426 (00%)]	Loss: 0.300824 cls Loss: 0.215971 offset Loss:0.008485	Accuracy: 0.921203
21-09-29 19:08:43.152 - INFO: train Epoch: 85 [00040960/00109426 (37%)]	Loss: 0.284812 cls Loss: 0.198782 offset Loss:0.008603	Accuracy: 0.928264
21-09-29 19:08:46.448 - INFO: train Epoch: 85 [00081920/00109426 (75%)]	Loss: 0.328819 cls Loss: 0.241343 offset Loss:0.008748	Accuracy: 0.909621
21-09-29 19:08:48.494 - INFO: train epoch Loss: 0.299672 cls Loss: 0.213753 bbox Loss: 0.008592 Accuracy: 0.918033
21-09-29 19:08:49.129 - INFO: val Epoch: 85 [00000000/00026285 (00%)]	Loss: 0.307655 cls Loss: 0.215364 offset Loss:0.009229	Accuracy: 0.922853
21-09-29 19:08:50.709 - INFO: val epoch Loss: 0.302090 cls Loss: 0.212045 bbox Loss: 0.009004 Accuracy: 0.916416
21-09-29 19:08:51.482 - INFO: train Epoch: 86 [00000000/00109426 (00%)]	Loss: 0.280158 cls Loss: 0.193742 offset Loss:0.008642	Accuracy: 0.919540
21-09-29 19:08:54.342 - INFO: train Epoch: 86 [00040960/00109426 (37%)]	Loss: 0.327624 cls Loss: 0.239600 offset Loss:0.008802	Accuracy: 0.902954
21-09-29 19:08:57.596 - INFO: train Epoch: 86 [00081920/00109426 (75%)]	Loss: 0.279623 cls Loss: 0.191051 offset Loss:0.008857	Accuracy: 0.935199
21-09-29 19:08:59.655 - INFO: train epoch Loss: 0.299516 cls Loss: 0.213610 bbox Loss: 0.008591 Accuracy: 0.918070
21-09-29 19:09:00.526 - INFO: val Epoch: 86 [00000000/00026285 (00%)]	Loss: 0.303222 cls Loss: 0.210378 offset Loss:0.009284	Accuracy: 0.914369
21-09-29 19:09:02.393 - INFO: val epoch Loss: 0.301776 cls Loss: 0.211773 bbox Loss: 0.009000 Accuracy: 0.916258
21-09-29 19:09:03.082 - INFO: train Epoch: 87 [00000000/00109426 (00%)]	Loss: 0.301099 cls Loss: 0.211156 offset Loss:0.008994	Accuracy: 0.912356
21-09-29 19:09:06.384 - INFO: train Epoch: 87 [00040960/00109426 (37%)]	Loss: 0.301771 cls Loss: 0.219053 offset Loss:0.008272	Accuracy: 0.909871
21-09-29 19:09:10.122 - INFO: train Epoch: 87 [00081920/00109426 (75%)]	Loss: 0.327251 cls Loss: 0.239026 offset Loss:0.008822	Accuracy: 0.902266
21-09-29 19:09:12.066 - INFO: train epoch Loss: 0.299485 cls Loss: 0.213595 bbox Loss: 0.008589 Accuracy: 0.918154
21-09-29 19:09:12.741 - INFO: val Epoch: 87 [00000000/00026285 (00%)]	Loss: 0.306421 cls Loss: 0.209186 offset Loss:0.009723	Accuracy: 0.915680
21-09-29 19:09:14.978 - INFO: val epoch Loss: 0.301949 cls Loss: 0.211974 bbox Loss: 0.008998 Accuracy: 0.915781
21-09-29 19:09:15.674 - INFO: train Epoch: 88 [00000000/00109426 (00%)]	Loss: 0.310762 cls Loss: 0.227042 offset Loss:0.008372	Accuracy: 0.918759
21-09-29 19:09:19.322 - INFO: train Epoch: 88 [00040960/00109426 (37%)]	Loss: 0.320374 cls Loss: 0.234410 offset Loss:0.008596	Accuracy: 0.905444
21-09-29 19:09:22.553 - INFO: train Epoch: 88 [00081920/00109426 (75%)]	Loss: 0.295058 cls Loss: 0.209730 offset Loss:0.008533	Accuracy: 0.920977
21-09-29 19:09:24.629 - INFO: train epoch Loss: 0.299440 cls Loss: 0.213550 bbox Loss: 0.008589 Accuracy: 0.918323
21-09-29 19:09:25.530 - INFO: val Epoch: 88 [00000000/00026285 (00%)]	Loss: 0.330730 cls Loss: 0.241642 offset Loss:0.008909	Accuracy: 0.896501
21-09-29 19:09:27.508 - INFO: val epoch Loss: 0.301676 cls Loss: 0.211656 bbox Loss: 0.009002 Accuracy: 0.916449
21-09-29 19:09:28.266 - INFO: train Epoch: 89 [00000000/00109426 (00%)]	Loss: 0.313781 cls Loss: 0.231157 offset Loss:0.008262	Accuracy: 0.917963
21-09-29 19:09:31.733 - INFO: train Epoch: 89 [00040960/00109426 (37%)]	Loss: 0.290774 cls Loss: 0.210434 offset Loss:0.008034	Accuracy: 0.922190
21-09-29 19:09:34.771 - INFO: train Epoch: 89 [00081920/00109426 (75%)]	Loss: 0.282371 cls Loss: 0.200831 offset Loss:0.008154	Accuracy: 0.934266
21-09-29 19:09:36.679 - INFO: train epoch Loss: 0.299399 cls Loss: 0.213531 bbox Loss: 0.008587 Accuracy: 0.918072
21-09-29 19:09:37.362 - INFO: val Epoch: 89 [00000000/00026285 (00%)]	Loss: 0.271873 cls Loss: 0.188584 offset Loss:0.008329	Accuracy: 0.922967
21-09-29 19:09:39.208 - INFO: val epoch Loss: 0.301612 cls Loss: 0.211652 bbox Loss: 0.008996 Accuracy: 0.916227
21-09-29 19:09:39.949 - INFO: train Epoch: 90 [00000000/00109426 (00%)]	Loss: 0.288784 cls Loss: 0.198664 offset Loss:0.009012	Accuracy: 0.932229
21-09-29 19:09:43.248 - INFO: train Epoch: 90 [00040960/00109426 (37%)]	Loss: 0.247493 cls Loss: 0.172579 offset Loss:0.007491	Accuracy: 0.942446
21-09-29 19:09:46.078 - INFO: train Epoch: 90 [00081920/00109426 (75%)]	Loss: 0.307614 cls Loss: 0.222011 offset Loss:0.008560	Accuracy: 0.914369
21-09-29 19:09:48.238 - INFO: train epoch Loss: 0.299287 cls Loss: 0.213442 bbox Loss: 0.008585 Accuracy: 0.917988
21-09-29 19:09:49.131 - INFO: val Epoch: 90 [00000000/00026285 (00%)]	Loss: 0.306395 cls Loss: 0.217900 offset Loss:0.008849	Accuracy: 0.914617
21-09-29 19:09:50.696 - INFO: val epoch Loss: 0.301655 cls Loss: 0.211661 bbox Loss: 0.008999 Accuracy: 0.916312
21-09-29 19:09:51.440 - INFO: train Epoch: 91 [00000000/00109426 (00%)]	Loss: 0.343266 cls Loss: 0.254222 offset Loss:0.008904	Accuracy: 0.903272
21-09-29 19:09:54.098 - INFO: train Epoch: 91 [00040960/00109426 (37%)]	Loss: 0.302398 cls Loss: 0.214684 offset Loss:0.008771	Accuracy: 0.918919
21-09-29 19:09:57.076 - INFO: train Epoch: 91 [00081920/00109426 (75%)]	Loss: 0.294600 cls Loss: 0.213099 offset Loss:0.008150	Accuracy: 0.907275
21-09-29 19:09:59.169 - INFO: train epoch Loss: 0.299232 cls Loss: 0.213399 bbox Loss: 0.008583 Accuracy: 0.918003
21-09-29 19:09:59.868 - INFO: val Epoch: 91 [00000000/00026285 (00%)]	Loss: 0.299543 cls Loss: 0.209479 offset Loss:0.009006	Accuracy: 0.907648
21-09-29 19:10:01.748 - INFO: val epoch Loss: 0.301539 cls Loss: 0.211607 bbox Loss: 0.008993 Accuracy: 0.916296
21-09-29 19:10:02.464 - INFO: train Epoch: 92 [00000000/00109426 (00%)]	Loss: 0.292322 cls Loss: 0.211438 offset Loss:0.008088	Accuracy: 0.917379
21-09-29 19:10:06.022 - INFO: train Epoch: 92 [00040960/00109426 (37%)]	Loss: 0.265200 cls Loss: 0.181778 offset Loss:0.008342	Accuracy: 0.938659
21-09-29 19:10:09.243 - INFO: train Epoch: 92 [00081920/00109426 (75%)]	Loss: 0.322668 cls Loss: 0.241863 offset Loss:0.008081	Accuracy: 0.908587
21-09-29 19:10:11.236 - INFO: train epoch Loss: 0.299149 cls Loss: 0.213331 bbox Loss: 0.008582 Accuracy: 0.918172
21-09-29 19:10:12.024 - INFO: val Epoch: 92 [00000000/00026285 (00%)]	Loss: 0.297120 cls Loss: 0.204833 offset Loss:0.009229	Accuracy: 0.925820
21-09-29 19:10:14.042 - INFO: val epoch Loss: 0.301498 cls Loss: 0.211582 bbox Loss: 0.008992 Accuracy: 0.916047
21-09-29 19:10:14.745 - INFO: train Epoch: 93 [00000000/00109426 (00%)]	Loss: 0.318569 cls Loss: 0.230697 offset Loss:0.008787	Accuracy: 0.918486
21-09-29 19:10:18.070 - INFO: train Epoch: 93 [00040960/00109426 (37%)]	Loss: 0.322848 cls Loss: 0.234035 offset Loss:0.008881	Accuracy: 0.907781
21-09-29 19:10:21.143 - INFO: train Epoch: 93 [00081920/00109426 (75%)]	Loss: 0.278090 cls Loss: 0.193955 offset Loss:0.008414	Accuracy: 0.923631
21-09-29 19:10:23.144 - INFO: train epoch Loss: 0.299091 cls Loss: 0.213287 bbox Loss: 0.008580 Accuracy: 0.918008
21-09-29 19:10:24.029 - INFO: val Epoch: 93 [00000000/00026285 (00%)]	Loss: 0.321695 cls Loss: 0.232155 offset Loss:0.008954	Accuracy: 0.901099
21-09-29 19:10:25.942 - INFO: val epoch Loss: 0.301183 cls Loss: 0.211270 bbox Loss: 0.008991 Accuracy: 0.916226
21-09-29 19:10:26.657 - INFO: train Epoch: 94 [00000000/00109426 (00%)]	Loss: 0.306538 cls Loss: 0.222412 offset Loss:0.008413	Accuracy: 0.905523
21-09-29 19:10:30.074 - INFO: train Epoch: 94 [00040960/00109426 (37%)]	Loss: 0.267155 cls Loss: 0.179451 offset Loss:0.008770	Accuracy: 0.939481
21-09-29 19:10:33.322 - INFO: train Epoch: 94 [00081920/00109426 (75%)]	Loss: 0.304726 cls Loss: 0.217940 offset Loss:0.008679	Accuracy: 0.915493
21-09-29 19:10:35.352 - INFO: train epoch Loss: 0.298939 cls Loss: 0.213152 bbox Loss: 0.008579 Accuracy: 0.917990
21-09-29 19:10:36.029 - INFO: val Epoch: 94 [00000000/00026285 (00%)]	Loss: 0.262969 cls Loss: 0.172928 offset Loss:0.009004	Accuracy: 0.933813
21-09-29 19:10:37.892 - INFO: val epoch Loss: 0.301250 cls Loss: 0.211329 bbox Loss: 0.008992 Accuracy: 0.916142
21-09-29 19:10:38.624 - INFO: train Epoch: 95 [00000000/00109426 (00%)]	Loss: 0.286880 cls Loss: 0.202636 offset Loss:0.008424	Accuracy: 0.910204
21-09-29 19:10:41.948 - INFO: train Epoch: 95 [00040960/00109426 (37%)]	Loss: 0.275225 cls Loss: 0.195688 offset Loss:0.007954	Accuracy: 0.923836
21-09-29 19:10:45.291 - INFO: train Epoch: 95 [00081920/00109426 (75%)]	Loss: 0.287341 cls Loss: 0.207924 offset Loss:0.007942	Accuracy: 0.923292
21-09-29 19:10:47.084 - INFO: train epoch Loss: 0.298851 cls Loss: 0.213099 bbox Loss: 0.008575 Accuracy: 0.918022
21-09-29 19:10:48.133 - INFO: val Epoch: 95 [00000000/00026285 (00%)]	Loss: 0.288931 cls Loss: 0.192479 offset Loss:0.009645	Accuracy: 0.925038
21-09-29 19:10:49.780 - INFO: val epoch Loss: 0.301170 cls Loss: 0.211330 bbox Loss: 0.008984 Accuracy: 0.916298
21-09-29 19:10:50.528 - INFO: train Epoch: 96 [00000000/00109426 (00%)]	Loss: 0.314622 cls Loss: 0.226429 offset Loss:0.008819	Accuracy: 0.913669
21-09-29 19:10:53.223 - INFO: train Epoch: 96 [00040960/00109426 (37%)]	Loss: 0.312316 cls Loss: 0.229226 offset Loss:0.008309	Accuracy: 0.896648
21-09-29 19:10:55.723 - INFO: train Epoch: 96 [00081920/00109426 (75%)]	Loss: 0.286038 cls Loss: 0.205266 offset Loss:0.008077	Accuracy: 0.922747
21-09-29 19:10:57.687 - INFO: train epoch Loss: 0.298898 cls Loss: 0.213148 bbox Loss: 0.008575 Accuracy: 0.917943
21-09-29 19:10:58.584 - INFO: val Epoch: 96 [00000000/00026285 (00%)]	Loss: 0.287871 cls Loss: 0.198530 offset Loss:0.008934	Accuracy: 0.929293
21-09-29 19:11:00.477 - INFO: val epoch Loss: 0.301246 cls Loss: 0.211404 bbox Loss: 0.008984 Accuracy: 0.916215
21-09-29 19:11:01.383 - INFO: train Epoch: 97 [00000000/00109426 (00%)]	Loss: 0.310967 cls Loss: 0.224372 offset Loss:0.008660	Accuracy: 0.909613
21-09-29 19:11:04.822 - INFO: train Epoch: 97 [00040960/00109426 (37%)]	Loss: 0.299760 cls Loss: 0.213045 offset Loss:0.008672	Accuracy: 0.916176
21-09-29 19:11:07.887 - INFO: train Epoch: 97 [00081920/00109426 (75%)]	Loss: 0.294507 cls Loss: 0.212940 offset Loss:0.008157	Accuracy: 0.914863
21-09-29 19:11:09.872 - INFO: train epoch Loss: 0.298805 cls Loss: 0.213065 bbox Loss: 0.008574 Accuracy: 0.918151
21-09-29 19:11:10.658 - INFO: val Epoch: 97 [00000000/00026285 (00%)]	Loss: 0.295076 cls Loss: 0.206786 offset Loss:0.008829	Accuracy: 0.919708
21-09-29 19:11:12.546 - INFO: val epoch Loss: 0.301269 cls Loss: 0.211442 bbox Loss: 0.008983 Accuracy: 0.916136
21-09-29 19:11:13.244 - INFO: train Epoch: 98 [00000000/00109426 (00%)]	Loss: 0.318129 cls Loss: 0.234599 offset Loss:0.008353	Accuracy: 0.902511
21-09-29 19:11:17.023 - INFO: train Epoch: 98 [00040960/00109426 (37%)]	Loss: 0.289772 cls Loss: 0.203108 offset Loss:0.008666	Accuracy: 0.919378
21-09-29 19:11:20.179 - INFO: train Epoch: 98 [00081920/00109426 (75%)]	Loss: 0.265081 cls Loss: 0.184896 offset Loss:0.008018	Accuracy: 0.929178
21-09-29 19:11:22.101 - INFO: train epoch Loss: 0.298648 cls Loss: 0.212928 bbox Loss: 0.008572 Accuracy: 0.918366
21-09-29 19:11:22.836 - INFO: val Epoch: 98 [00000000/00026285 (00%)]	Loss: 0.274384 cls Loss: 0.178636 offset Loss:0.009575	Accuracy: 0.939668
21-09-29 19:11:24.657 - INFO: val epoch Loss: 0.300892 cls Loss: 0.211063 bbox Loss: 0.008983 Accuracy: 0.916234
21-09-29 19:11:25.371 - INFO: train Epoch: 99 [00000000/00109426 (00%)]	Loss: 0.302499 cls Loss: 0.221537 offset Loss:0.008096	Accuracy: 0.911555
21-09-29 19:11:28.667 - INFO: train Epoch: 99 [00040960/00109426 (37%)]	Loss: 0.318290 cls Loss: 0.232755 offset Loss:0.008553	Accuracy: 0.898529
21-09-29 19:11:32.124 - INFO: train Epoch: 99 [00081920/00109426 (75%)]	Loss: 0.287631 cls Loss: 0.202840 offset Loss:0.008479	Accuracy: 0.922967
21-09-29 19:11:34.068 - INFO: train epoch Loss: 0.298600 cls Loss: 0.212892 bbox Loss: 0.008571 Accuracy: 0.918079
21-09-29 19:11:34.750 - INFO: val Epoch: 99 [00000000/00026285 (00%)]	Loss: 0.315555 cls Loss: 0.225569 offset Loss:0.008999	Accuracy: 0.901685
21-09-29 19:11:36.599 - INFO: val epoch Loss: 0.300876 cls Loss: 0.211084 bbox Loss: 0.008979 Accuracy: 0.916329
