21-09-28 14:51:23.691 - INFO: train Epoch: 0 [00000000/01034914 (00%)]	Loss: 4.040611 cls Loss: 0.958185 offset Loss:0.616485	Accuracy: 0.308642
21-09-28 14:59:33.943 - INFO: train Epoch: 0 [00040960/01034914 (04%)]	Loss: 0.525489 cls Loss: 0.415929 offset Loss:0.021912	Accuracy: 0.768278
21-09-28 15:08:08.262 - INFO: train Epoch: 0 [00081920/01034914 (08%)]	Loss: 0.444514 cls Loss: 0.347711 offset Loss:0.019361	Accuracy: 0.844093
21-09-28 15:16:08.969 - INFO: train Epoch: 0 [00122880/01034914 (12%)]	Loss: 0.387266 cls Loss: 0.298655 offset Loss:0.017722	Accuracy: 0.872525
21-09-28 15:24:12.488 - INFO: train Epoch: 0 [00163840/01034914 (16%)]	Loss: 0.403625 cls Loss: 0.314309 offset Loss:0.017863	Accuracy: 0.883166
21-09-28 15:31:57.426 - INFO: train Epoch: 0 [00204800/01034914 (20%)]	Loss: 0.347496 cls Loss: 0.257522 offset Loss:0.017995	Accuracy: 0.904822
21-09-28 15:39:38.402 - INFO: train Epoch: 0 [00245760/01034914 (24%)]	Loss: 0.357776 cls Loss: 0.270403 offset Loss:0.017475	Accuracy: 0.887898
21-09-28 15:47:17.948 - INFO: train Epoch: 0 [00286720/01034914 (28%)]	Loss: 0.318777 cls Loss: 0.236655 offset Loss:0.016424	Accuracy: 0.902532
21-09-28 15:54:13.906 - INFO: train Epoch: 0 [00327680/01034914 (32%)]	Loss: 0.347450 cls Loss: 0.263804 offset Loss:0.016729	Accuracy: 0.895392
21-09-28 16:01:36.013 - INFO: train Epoch: 0 [00368640/01034914 (36%)]	Loss: 0.302943 cls Loss: 0.227370 offset Loss:0.015115	Accuracy: 0.895250
21-09-28 16:13:34.527 - INFO: train Epoch: 0 [00409600/01034914 (40%)]	Loss: 0.310716 cls Loss: 0.232194 offset Loss:0.015704	Accuracy: 0.905355
21-09-28 16:21:43.444 - INFO: train Epoch: 0 [00450560/01034914 (44%)]	Loss: 0.290881 cls Loss: 0.218778 offset Loss:0.014421	Accuracy: 0.913043
21-09-28 16:30:22.251 - INFO: train Epoch: 0 [00491520/01034914 (47%)]	Loss: 0.270927 cls Loss: 0.188821 offset Loss:0.016421	Accuracy: 0.925032
21-09-28 16:45:58.280 - INFO: train Epoch: 0 [00532480/01034914 (51%)]	Loss: 0.268825 cls Loss: 0.190988 offset Loss:0.015567	Accuracy: 0.936090
21-09-28 17:02:51.391 - INFO: train Epoch: 0 [00573440/01034914 (55%)]	Loss: 0.274500 cls Loss: 0.192341 offset Loss:0.016432	Accuracy: 0.930521
21-09-28 17:17:26.202 - INFO: train Epoch: 0 [00614400/01034914 (59%)]	Loss: 0.274157 cls Loss: 0.197176 offset Loss:0.015396	Accuracy: 0.927785
21-09-28 17:28:46.871 - INFO: train Epoch: 0 [00655360/01034914 (63%)]	Loss: 0.282532 cls Loss: 0.211138 offset Loss:0.014279	Accuracy: 0.921519
21-09-28 17:44:00.992 - INFO: train Epoch: 0 [00696320/01034914 (67%)]	Loss: 0.260856 cls Loss: 0.191547 offset Loss:0.013862	Accuracy: 0.922236
21-09-28 17:54:51.502 - INFO: train Epoch: 0 [00737280/01034914 (71%)]	Loss: 0.253500 cls Loss: 0.178955 offset Loss:0.014909	Accuracy: 0.932138
21-09-28 18:13:54.551 - INFO: train Epoch: 0 [00778240/01034914 (75%)]	Loss: 0.275016 cls Loss: 0.202875 offset Loss:0.014428	Accuracy: 0.919217
21-09-28 18:35:54.272 - INFO: train Epoch: 0 [00819200/01034914 (79%)]	Loss: 0.263684 cls Loss: 0.190490 offset Loss:0.014639	Accuracy: 0.933249
21-09-28 19:11:40.661 - INFO: train Epoch: 0 [00860160/01034914 (83%)]	Loss: 0.282442 cls Loss: 0.208216 offset Loss:0.014845	Accuracy: 0.917197
21-09-28 19:42:26.148 - INFO: train Epoch: 0 [00901120/01034914 (87%)]	Loss: 0.294723 cls Loss: 0.219075 offset Loss:0.015130	Accuracy: 0.917993
21-09-28 20:03:09.205 - INFO: train Epoch: 0 [00942080/01034914 (91%)]	Loss: 0.257905 cls Loss: 0.186441 offset Loss:0.014293	Accuracy: 0.934406
21-09-28 20:25:22.163 - INFO: train Epoch: 0 [00983040/01034914 (95%)]	Loss: 0.256777 cls Loss: 0.185963 offset Loss:0.014163	Accuracy: 0.936250
21-09-28 20:45:51.889 - INFO: train Epoch: 0 [01024000/01034914 (99%)]	Loss: 0.278842 cls Loss: 0.206243 offset Loss:0.014520	Accuracy: 0.907360
21-09-28 20:50:48.442 - INFO: train epoch Loss: 0.329984 cls Loss: 0.241650 bbox Loss: 0.017667 Accuracy: 0.903875
21-09-28 20:55:32.980 - INFO: val Epoch: 0 [00000000/00262452 (00%)]	Loss: 0.255123 cls Loss: 0.187832 offset Loss:0.013458	Accuracy: 0.931421
21-09-28 21:20:51.250 - INFO: val Epoch: 0 [00040960/00262452 (16%)]	Loss: 0.263605 cls Loss: 0.187570 offset Loss:0.015207	Accuracy: 0.932484
21-09-28 21:53:44.199 - INFO: val Epoch: 0 [00081920/00262452 (31%)]	Loss: 0.284916 cls Loss: 0.214903 offset Loss:0.014003	Accuracy: 0.920354
21-09-28 22:23:31.855 - INFO: val Epoch: 0 [00122880/00262452 (47%)]	Loss: 0.262455 cls Loss: 0.187607 offset Loss:0.014970	Accuracy: 0.926020
21-09-28 22:54:23.690 - INFO: val Epoch: 0 [00163840/00262452 (62%)]	Loss: 0.266051 cls Loss: 0.192897 offset Loss:0.014631	Accuracy: 0.932076
21-09-28 23:22:59.185 - INFO: val Epoch: 0 [00204800/00262452 (78%)]	Loss: 0.269186 cls Loss: 0.194967 offset Loss:0.014844	Accuracy: 0.931035
21-09-28 23:50:49.483 - INFO: val Epoch: 0 [00245760/00262452 (93%)]	Loss: 0.261503 cls Loss: 0.184687 offset Loss:0.015363	Accuracy: 0.931646
21-09-29 00:00:55.702 - INFO: val epoch Loss: 0.269340 cls Loss: 0.195627 bbox Loss: 0.014743 Accuracy: 0.926193
21-09-29 00:12:57.241 - INFO: train Epoch: 1 [00000000/01034914 (00%)]	Loss: 0.245031 cls Loss: 0.171166 offset Loss:0.014773	Accuracy: 0.937965
21-09-29 01:13:52.145 - INFO: train Epoch: 1 [00040960/01034914 (04%)]	Loss: 0.233970 cls Loss: 0.162585 offset Loss:0.014277	Accuracy: 0.936646
21-09-29 02:05:07.727 - INFO: train Epoch: 1 [00081920/01034914 (08%)]	Loss: 0.270060 cls Loss: 0.199795 offset Loss:0.014053	Accuracy: 0.928849
21-09-29 03:07:25.022 - INFO: train Epoch: 1 [00122880/01034914 (12%)]	Loss: 0.285784 cls Loss: 0.208561 offset Loss:0.015445	Accuracy: 0.919654
21-09-29 03:46:08.239 - INFO: train Epoch: 1 [00163840/01034914 (16%)]	Loss: 0.257667 cls Loss: 0.182371 offset Loss:0.015059	Accuracy: 0.935606
21-09-29 03:56:17.713 - INFO: train Epoch: 1 [00204800/01034914 (20%)]	Loss: 0.251355 cls Loss: 0.186534 offset Loss:0.012964	Accuracy: 0.925926
21-09-29 04:06:04.274 - INFO: train Epoch: 1 [00245760/01034914 (24%)]	Loss: 0.292816 cls Loss: 0.219159 offset Loss:0.014731	Accuracy: 0.914141
21-09-29 04:14:58.977 - INFO: train Epoch: 1 [00286720/01034914 (28%)]	Loss: 0.281135 cls Loss: 0.210425 offset Loss:0.014142	Accuracy: 0.916456
21-09-29 04:24:20.195 - INFO: train Epoch: 1 [00327680/01034914 (32%)]	Loss: 0.298860 cls Loss: 0.225370 offset Loss:0.014698	Accuracy: 0.918288
21-09-29 04:28:17.400 - INFO: train Epoch: 1 [00368640/01034914 (36%)]	Loss: 0.264995 cls Loss: 0.191841 offset Loss:0.014631	Accuracy: 0.936118
21-09-29 04:32:09.042 - INFO: train Epoch: 1 [00409600/01034914 (40%)]	Loss: 0.246238 cls Loss: 0.180139 offset Loss:0.013220	Accuracy: 0.933252
21-09-29 04:35:54.934 - INFO: train Epoch: 1 [00450560/01034914 (44%)]	Loss: 0.245593 cls Loss: 0.175850 offset Loss:0.013949	Accuracy: 0.929382
21-09-29 04:39:16.044 - INFO: train Epoch: 1 [00491520/01034914 (47%)]	Loss: 0.240948 cls Loss: 0.175567 offset Loss:0.013076	Accuracy: 0.932432
21-09-29 04:42:36.425 - INFO: train Epoch: 1 [00532480/01034914 (51%)]	Loss: 0.225619 cls Loss: 0.160418 offset Loss:0.013040	Accuracy: 0.944444
21-09-29 04:45:41.132 - INFO: train Epoch: 1 [00573440/01034914 (55%)]	Loss: 0.264599 cls Loss: 0.195968 offset Loss:0.013726	Accuracy: 0.931122
21-09-29 04:48:34.121 - INFO: train Epoch: 1 [00614400/01034914 (59%)]	Loss: 0.273448 cls Loss: 0.201622 offset Loss:0.014365	Accuracy: 0.927771
21-09-29 04:51:22.067 - INFO: train Epoch: 1 [00655360/01034914 (63%)]	Loss: 0.279468 cls Loss: 0.217000 offset Loss:0.012493	Accuracy: 0.920455
21-09-29 04:54:06.302 - INFO: train Epoch: 1 [00696320/01034914 (67%)]	Loss: 0.241045 cls Loss: 0.176366 offset Loss:0.012936	Accuracy: 0.930769
21-09-29 04:56:33.429 - INFO: train Epoch: 1 [00737280/01034914 (71%)]	Loss: 0.232905 cls Loss: 0.169325 offset Loss:0.012716	Accuracy: 0.944307
21-09-29 04:59:06.690 - INFO: train Epoch: 1 [00778240/01034914 (75%)]	Loss: 0.232289 cls Loss: 0.157252 offset Loss:0.015007	Accuracy: 0.941975
21-09-29 05:01:24.932 - INFO: train Epoch: 1 [00819200/01034914 (79%)]	Loss: 0.238477 cls Loss: 0.163473 offset Loss:0.015001	Accuracy: 0.941104
21-09-29 05:03:38.398 - INFO: train Epoch: 1 [00860160/01034914 (83%)]	Loss: 0.254027 cls Loss: 0.190378 offset Loss:0.012730	Accuracy: 0.925971
21-